#
# There is insufficient memory for the Java Runtime Environment to continue.
# Native memory allocation (mmap) failed to map 10485760 bytes for G1 virtual space
# Possible reasons:
#   The system is out of physical RAM or swap space
#   The process is running with CompressedOops enabled, and the Java Heap may be blocking the growth of the native heap
# Possible solutions:
#   Reduce memory load on the system
#   Increase physical memory or swap space
#   Check if swap backing store is full
#   Decrease Java heap size (-Xmx/-Xms)
#   Decrease number of Java threads
#   Decrease Java thread stack sizes (-Xss)
#   Set larger code cache with -XX:ReservedCodeCacheSize=
#   JVM is running with Unscaled Compressed Oops mode in which the Java heap is
#     placed in the first 4GB address space. The Java Heap base address is the
#     maximum limit for the native heap growth. Please use -XX:HeapBaseMinAddress
#     to set the Java Heap base and to place the Java Heap above 4GB virtual address.
# This output file may be truncated or incomplete.
#
#  Out of Memory Error (os_windows.cpp:3528), pid=10676, tid=8016
#
# JRE version: OpenJDK Runtime Environment (20.0.1+9) (build 20.0.1+9-29)
# Java VM: OpenJDK 64-Bit Server VM (20.0.1+9-29, mixed mode, emulated-client, sharing, tiered, compressed oops, compressed class ptrs, g1 gc, windows-amd64)
# No core dump will be written. Minidumps are not enabled by default on client versions of Windows
#

---------------  S U M M A R Y ------------

Command Line: -XX:TieredStopAtLevel=1 -Dspring.output.ansi.enabled=always -Dcom.sun.management.jmxremote -Dspring.jmx.enabled=true -Dspring.liveBeansView.mbeanDomain -Dspring.application.admin.enabled=true -Dmanagement.endpoints.jmx.exposure.include=* -javaagent:C:\Program Files\JetBrains\IntelliJ IDEA 2024.1.4\lib\idea_rt.jar=65279:C:\Program Files\JetBrains\IntelliJ IDEA 2024.1.4\bin -Dfile.encoding=UTF-8 -Dsun.stdout.encoding=UTF-8 -Dsun.stderr.encoding=UTF-8 com.divyan.ecommerce.ecommerce_backend.EcommerceBackendApplication

Host: 11th Gen Intel(R) Core(TM) i3-1115G4 @ 3.00GHz, 4 cores, 7G,  Windows 11 , 64 bit Build 22621 (10.0.22621.3527)
Time: Mon Oct 14 20:46:30 2024 Sri Lanka Standard Time elapsed time: 6.634972 seconds (0d 0h 0m 6s)

---------------  T H R E A D  ---------------

Current thread (0x00000201edaa2bc0):  VMThread "VM Thread" [stack: 0x000000249b500000,0x000000249b600000] [id=8016]

Stack: [0x000000249b500000,0x000000249b600000]
Native frames: (J=compiled Java code, j=interpreted, Vv=VM code, C=native code)
V  [jvm.dll+0x6bb95a]
V  [jvm.dll+0x8485fa]
V  [jvm.dll+0x84a1f5]
V  [jvm.dll+0x84a8f3]
V  [jvm.dll+0x280b0f]
V  [jvm.dll+0x6b86e9]
V  [jvm.dll+0x6ad2da]
V  [jvm.dll+0x35adf5]
V  [jvm.dll+0x363016]
V  [jvm.dll+0x3b3b3e]
V  [jvm.dll+0x3b3dc5]
V  [jvm.dll+0x32b50a]
V  [jvm.dll+0x32b5b7]
V  [jvm.dll+0x373942]
V  [jvm.dll+0x372140]
V  [jvm.dll+0x32ac51]
V  [jvm.dll+0x371836]
V  [jvm.dll+0x85023e]
V  [jvm.dll+0x851351]
V  [jvm.dll+0x851859]
V  [jvm.dll+0x851ad3]
V  [jvm.dll+0x7f4b56]
V  [jvm.dll+0x6ba5cb]
C  [ucrtbase.dll+0x29333]
C  [KERNEL32.DLL+0x1257d]
C  [ntdll.dll+0x5aa48]

VM_Operation (0x000000249c8f8580): G1CollectForAllocation, mode: safepoint, requested by thread 0x00000201f24d2640


---------------  P R O C E S S  ---------------

Threads class SMR info:
_java_thread_list=0x00000201f47c4ce0, length=24, elements={
0x00000201ddbbec30, 0x00000201edac4200, 0x00000201edac4ef0, 0x00000201edac5be0,
0x00000201edac68d0, 0x00000201edac8470, 0x00000201edac8ea0, 0x00000201edac98d0,
0x00000201eda8d480, 0x00000201f1da8160, 0x00000201f1da86f0, 0x00000201f20f3550,
0x00000201f20fca20, 0x00000201f2250d30, 0x00000201f252dcd0, 0x00000201f24d2640,
0x00000201f319a830, 0x00000201f32763f0, 0x00000201f322b8a0, 0x00000201f322a8b0,
0x00000201f322bdf0, 0x00000201f322cde0, 0x00000201f322d880, 0x00000201f322c340
}

Java Threads: ( => current thread )
  0x00000201ddbbec30 JavaThread "main" [_thread_blocked, id=16920, stack(0x000000249af00000,0x000000249b000000)]
  0x00000201edac4200 JavaThread "Reference Handler" daemon [_thread_blocked, id=16408, stack(0x000000249b600000,0x000000249b700000)]
  0x00000201edac4ef0 JavaThread "Finalizer" daemon [_thread_blocked, id=14660, stack(0x000000249b700000,0x000000249b800000)]
  0x00000201edac5be0 JavaThread "Signal Dispatcher" daemon [_thread_blocked, id=10940, stack(0x000000249b800000,0x000000249b900000)]
  0x00000201edac68d0 JavaThread "Attach Listener" daemon [_thread_blocked, id=11752, stack(0x000000249b900000,0x000000249ba00000)]
  0x00000201edac8470 JavaThread "Service Thread" daemon [_thread_blocked, id=20204, stack(0x000000249ba00000,0x000000249bb00000)]
  0x00000201edac8ea0 JavaThread "Monitor Deflation Thread" daemon [_thread_blocked, id=16148, stack(0x000000249bb00000,0x000000249bc00000)]
  0x00000201edac98d0 JavaThread "C1 CompilerThread0" daemon [_thread_blocked, id=3776, stack(0x000000249bc00000,0x000000249bd00000)]
  0x00000201eda8d480 JavaThread "Common-Cleaner" daemon [_thread_blocked, id=9912, stack(0x000000249bd00000,0x000000249be00000)]
  0x00000201f1da8160 JavaThread "C1 CompilerThread1" daemon [_thread_blocked, id=18060, stack(0x000000249be00000,0x000000249bf00000)]
  0x00000201f1da86f0 JavaThread "C1 CompilerThread2" daemon [_thread_blocked, id=19528, stack(0x000000249bf00000,0x000000249c000000)]
  0x00000201f20f3550 JavaThread "Monitor Ctrl-Break" daemon [_thread_in_native, id=5276, stack(0x000000249c000000,0x000000249c100000)]
  0x00000201f20fca20 JavaThread "Notification Thread" daemon [_thread_blocked, id=18224, stack(0x000000249c100000,0x000000249c200000)]
  0x00000201f2250d30 JavaThread "RMI TCP Accept-0" daemon [_thread_in_native, id=20420, stack(0x000000249c500000,0x000000249c600000)]
  0x00000201f252dcd0 JavaThread "Thread-0" [_thread_blocked, id=19276, stack(0x000000249c700000,0x000000249c800000)]
  0x00000201f24d2640 JavaThread "restartedMain" [_thread_blocked, id=13356, stack(0x000000249c800000,0x000000249c900000)]
  0x00000201f319a830 JavaThread "RMI TCP Connection(1)-192.168.156.225" daemon [_thread_in_native, id=16336, stack(0x000000249ca00000,0x000000249cb00000)]
  0x00000201f32763f0 JavaThread "RMI Scheduler(0)" daemon [_thread_blocked, id=13432, stack(0x000000249cb00000,0x000000249cc00000)]
  0x00000201f322b8a0 JavaThread "Catalina-utility-1" [_thread_blocked, id=13808, stack(0x000000249c900000,0x000000249ca00000)]
  0x00000201f322a8b0 JavaThread "Catalina-utility-2" [_thread_blocked, id=10456, stack(0x000000249cc00000,0x000000249cd00000)]
  0x00000201f322bdf0 JavaThread "container-0" [_thread_blocked, id=12552, stack(0x000000249cd00000,0x000000249ce00000)]
  0x00000201f322cde0 JavaThread "mysql-cj-abandoned-connection-cleanup" daemon [_thread_blocked, id=20452, stack(0x000000249ce00000,0x000000249cf00000)]
  0x00000201f322d880 JavaThread "HikariPool-1 housekeeper" daemon [_thread_blocked, id=12044, stack(0x000000249d000000,0x000000249d100000)]
  0x00000201f322c340 JavaThread "HikariPool-1 connection adder" daemon [_thread_blocked, id=17572, stack(0x000000249d100000,0x000000249d200000)]

Other Threads:
=>0x00000201edaa2bc0 VMThread "VM Thread" [stack: 0x000000249b500000,0x000000249b600000] [id=8016]
  0x00000201f22b71b0 WatcherThread "VM Periodic Task Thread" [stack: 0x000000249c600000,0x000000249c700000] [id=4044]
  0x00000201ddc1bc40 WorkerThread "GC Thread#0" [stack: 0x000000249b000000,0x000000249b100000] [id=20252]
  0x00000201f231be60 WorkerThread "GC Thread#1" [stack: 0x000000249c200000,0x000000249c300000] [id=16304]
  0x00000201f23714b0 WorkerThread "GC Thread#2" [stack: 0x000000249c300000,0x000000249c400000] [id=18928]
  0x00000201f2371780 WorkerThread "GC Thread#3" [stack: 0x000000249c400000,0x000000249c500000] [id=19512]
  0x00000201ddc2c4b0 ConcurrentGCThread "G1 Main Marker" [stack: 0x000000249b100000,0x000000249b200000] [id=396]
  0x00000201ddc2cee0 WorkerThread "G1 Conc#0" [stack: 0x000000249b200000,0x000000249b300000] [id=4000]
  0x00000201ed9644e0 ConcurrentGCThread "G1 Refine#0" [stack: 0x000000249b300000,0x000000249b400000] [id=19228]
  0x00000201ddc6e010 ConcurrentGCThread "G1 Service" [stack: 0x000000249b400000,0x000000249b500000] [id=3876]

Threads with active compile tasks:

VM state: at safepoint (normal execution)

VM Mutex/Monitor currently owned by a thread:  ([mutex/lock_event])
[0x00000201ddbbb330] Threads_lock - owner thread: 0x00000201edaa2bc0
[0x00000201ddbb95f0] Heap_lock - owner thread: 0x00000201f24d2640

Heap address: 0x0000000084200000, size: 1982 MB, Compressed Oops mode: 32-bit

CDS archive(s) mapped at: [0x0000000800000000-0x0000000800c60000-0x0000000800c60000), size 12976128, SharedBaseAddress: 0x0000000800000000, ArchiveRelocationMode: 0.
Compressed class space mapped at: 0x0000000801000000-0x0000000841000000, reserved size: 1073741824
Narrow klass base: 0x0000000800000000, Narrow klass shift: 0, Narrow klass range: 0x100000000

GC Precious Log:
 CardTable entry size: 512
 Card Set container configuration: InlinePtr #cards 5 size 8 Array Of Cards #cards 12 size 40 Howl #buckets 4 coarsen threshold 1843 Howl Bitmap #cards 512 size 80 coarsen threshold 460 Card regions per heap region 1 cards per card region 2048
 CPUs: 4 total, 4 available
 Memory: 7926M
 Large Page Support: Disabled
 NUMA Support: Disabled
 Compressed Oops: Enabled (32-bit)
 Heap Region Size: 1M
 Heap Min Capacity: 8M
 Heap Initial Capacity: 124M
 Heap Max Capacity: 1982M
 Pre-touch: Disabled
 Parallel Workers: 4
 Concurrent Workers: 1
 Concurrent Refinement Workers: 4
 Periodic GC: Disabled

Heap:
 garbage-first heap   total 66560K, used 31697K [0x0000000084200000, 0x0000000100000000)
  region size 1024K, 3 young (3072K), 3 survivors (3072K)
 Metaspace       used 66869K, committed 67648K, reserved 1114112K
  class space    used 9372K, committed 9728K, reserved 1048576K

Heap Regions: E=young(eden), S=young(survivor), O=old, HS=humongous(starts), HC=humongous(continues), CS=collection set, F=free, OA=open archive, CA=closed archive, TAMS=top-at-mark-start, PB=parsable bottom
|   0|0x0000000084200000, 0x0000000084300000, 0x0000000084300000|100%|HS|  |TAMS 0x0000000084200000| PB 0x0000000084200000| Complete 
|   1|0x0000000084300000, 0x0000000084400000, 0x0000000084400000|100%| O|  |TAMS 0x0000000084300000| PB 0x0000000084300000| Untracked 
|   2|0x0000000084400000, 0x0000000084500000, 0x0000000084500000|100%| O|  |TAMS 0x0000000084400000| PB 0x0000000084400000| Untracked 
|   3|0x0000000084500000, 0x0000000084600000, 0x0000000084600000|100%| O|  |TAMS 0x0000000084500000| PB 0x0000000084500000| Untracked 
|   4|0x0000000084600000, 0x0000000084700000, 0x0000000084700000|100%| O|  |TAMS 0x0000000084600000| PB 0x0000000084600000| Untracked 
|   5|0x0000000084700000, 0x0000000084800000, 0x0000000084800000|100%| O|  |TAMS 0x0000000084700000| PB 0x0000000084700000| Untracked 
|   6|0x0000000084800000, 0x0000000084900000, 0x0000000084900000|100%| O|  |TAMS 0x0000000084800000| PB 0x0000000084800000| Untracked 
|   7|0x0000000084900000, 0x0000000084a00000, 0x0000000084a00000|100%| O|  |TAMS 0x0000000084900000| PB 0x0000000084900000| Untracked 
|   8|0x0000000084a00000, 0x0000000084b00000, 0x0000000084b00000|100%| O|  |TAMS 0x0000000084a00000| PB 0x0000000084a00000| Untracked 
|   9|0x0000000084b00000, 0x0000000084c00000, 0x0000000084c00000|100%| O|  |TAMS 0x0000000084b00000| PB 0x0000000084b00000| Untracked 
|  10|0x0000000084c00000, 0x0000000084d00000, 0x0000000084d00000|100%| O|  |TAMS 0x0000000084c00000| PB 0x0000000084c00000| Untracked 
|  11|0x0000000084d00000, 0x0000000084e00000, 0x0000000084e00000|100%| O|  |TAMS 0x0000000084d00000| PB 0x0000000084d00000| Untracked 
|  12|0x0000000084e00000, 0x0000000084f00000, 0x0000000084f00000|100%| O|  |TAMS 0x0000000084e00000| PB 0x0000000084e00000| Untracked 
|  13|0x0000000084f00000, 0x0000000085000000, 0x0000000085000000|100%| O|  |TAMS 0x0000000084f00000| PB 0x0000000084f00000| Untracked 
|  14|0x0000000085000000, 0x0000000085100000, 0x0000000085100000|100%| O|  |TAMS 0x0000000085000000| PB 0x0000000085000000| Untracked 
|  15|0x0000000085100000, 0x0000000085200000, 0x0000000085200000|100%| O|  |TAMS 0x0000000085100000| PB 0x0000000085100000| Untracked 
|  16|0x0000000085200000, 0x0000000085300000, 0x0000000085300000|100%| O|  |TAMS 0x0000000085200000| PB 0x0000000085200000| Untracked 
|  17|0x0000000085300000, 0x0000000085300000, 0x0000000085400000|  0%| F|  |TAMS 0x0000000085300000| PB 0x0000000085300000| Untracked 
|  18|0x0000000085400000, 0x0000000085500000, 0x0000000085500000|100%| O|  |TAMS 0x0000000085400000| PB 0x0000000085400000| Untracked 
|  19|0x0000000085500000, 0x0000000085600000, 0x0000000085600000|100%| O|  |TAMS 0x0000000085500000| PB 0x0000000085500000| Untracked 
|  20|0x0000000085600000, 0x0000000085700000, 0x0000000085700000|100%| O|  |TAMS 0x0000000085600000| PB 0x0000000085600000| Untracked 
|  21|0x0000000085700000, 0x0000000085800000, 0x0000000085800000|100%| O|  |TAMS 0x0000000085700000| PB 0x0000000085700000| Untracked 
|  22|0x0000000085800000, 0x0000000085900000, 0x0000000085900000|100%| O|  |TAMS 0x0000000085800000| PB 0x0000000085800000| Untracked 
|  23|0x0000000085900000, 0x0000000085900000, 0x0000000085a00000|  0%| F|  |TAMS 0x0000000085900000| PB 0x0000000085900000| Untracked 
|  24|0x0000000085a00000, 0x0000000085a00000, 0x0000000085b00000|  0%| F|  |TAMS 0x0000000085a00000| PB 0x0000000085a00000| Untracked 
|  25|0x0000000085b00000, 0x0000000085b00000, 0x0000000085c00000|  0%| F|  |TAMS 0x0000000085b00000| PB 0x0000000085b00000| Untracked 
|  26|0x0000000085c00000, 0x0000000085c00000, 0x0000000085d00000|  0%| F|  |TAMS 0x0000000085c00000| PB 0x0000000085c00000| Untracked 
|  27|0x0000000085d00000, 0x0000000085e00000, 0x0000000085e00000|100%| O|  |TAMS 0x0000000085d00000| PB 0x0000000085d00000| Untracked 
|  28|0x0000000085e00000, 0x0000000085f00000, 0x0000000085f00000|100%| O|  |TAMS 0x0000000085e00000| PB 0x0000000085e00000| Untracked 
|  29|0x0000000085f00000, 0x0000000085f00000, 0x0000000086000000|  0%| F|  |TAMS 0x0000000085f00000| PB 0x0000000085f00000| Untracked 
|  30|0x0000000086000000, 0x0000000086100000, 0x0000000086100000|100%| O|  |TAMS 0x0000000086000000| PB 0x0000000086000000| Untracked 
|  31|0x0000000086100000, 0x0000000086200000, 0x0000000086200000|100%| O|  |TAMS 0x0000000086100000| PB 0x0000000086100000| Untracked 
|  32|0x0000000086200000, 0x0000000086300000, 0x0000000086300000|100%| O|  |TAMS 0x0000000086200000| PB 0x0000000086200000| Untracked 
|  33|0x0000000086300000, 0x00000000863f4400, 0x0000000086400000| 95%| O|  |TAMS 0x0000000086300000| PB 0x0000000086300000| Untracked 
|  34|0x0000000086400000, 0x0000000086400000, 0x0000000086500000|  0%| F|  |TAMS 0x0000000086400000| PB 0x0000000086400000| Untracked 
|  35|0x0000000086500000, 0x0000000086600000, 0x0000000086600000|100%| S|CS|TAMS 0x0000000086500000| PB 0x0000000086500000| Complete 
|  36|0x0000000086600000, 0x0000000086700000, 0x0000000086700000|100%| S|CS|TAMS 0x0000000086600000| PB 0x0000000086600000| Complete 
|  37|0x0000000086700000, 0x0000000086800000, 0x0000000086800000|100%| S|CS|TAMS 0x0000000086700000| PB 0x0000000086700000| Complete 
|  38|0x0000000086800000, 0x0000000086800000, 0x0000000086900000|  0%| F|  |TAMS 0x0000000086800000| PB 0x0000000086800000| Untracked 
|  39|0x0000000086900000, 0x0000000086900000, 0x0000000086a00000|  0%| F|  |TAMS 0x0000000086900000| PB 0x0000000086900000| Untracked 
|  40|0x0000000086a00000, 0x0000000086a00000, 0x0000000086b00000|  0%| F|  |TAMS 0x0000000086a00000| PB 0x0000000086a00000| Untracked 
|  41|0x0000000086b00000, 0x0000000086b00000, 0x0000000086c00000|  0%| F|  |TAMS 0x0000000086b00000| PB 0x0000000086b00000| Untracked 
|  42|0x0000000086c00000, 0x0000000086c00000, 0x0000000086d00000|  0%| F|  |TAMS 0x0000000086c00000| PB 0x0000000086c00000| Untracked 
|  43|0x0000000086d00000, 0x0000000086d00000, 0x0000000086e00000|  0%| F|  |TAMS 0x0000000086d00000| PB 0x0000000086d00000| Untracked 
|  44|0x0000000086e00000, 0x0000000086e00000, 0x0000000086f00000|  0%| F|  |TAMS 0x0000000086e00000| PB 0x0000000086e00000| Untracked 
|  45|0x0000000086f00000, 0x0000000086f00000, 0x0000000087000000|  0%| F|  |TAMS 0x0000000086f00000| PB 0x0000000086f00000| Untracked 
|  46|0x0000000087000000, 0x0000000087000000, 0x0000000087100000|  0%| F|  |TAMS 0x0000000087000000| PB 0x0000000087000000| Untracked 
|  47|0x0000000087100000, 0x0000000087100000, 0x0000000087200000|  0%| F|  |TAMS 0x0000000087100000| PB 0x0000000087100000| Untracked 
|  48|0x0000000087200000, 0x0000000087200000, 0x0000000087300000|  0%| F|  |TAMS 0x0000000087200000| PB 0x0000000087200000| Untracked 
|  49|0x0000000087300000, 0x0000000087300000, 0x0000000087400000|  0%| F|  |TAMS 0x0000000087300000| PB 0x0000000087300000| Untracked 
|  50|0x0000000087400000, 0x0000000087400000, 0x0000000087500000|  0%| F|  |TAMS 0x0000000087400000| PB 0x0000000087400000| Untracked 
|  51|0x0000000087500000, 0x0000000087500000, 0x0000000087600000|  0%| F|  |TAMS 0x0000000087500000| PB 0x0000000087500000| Untracked 
|  52|0x0000000087600000, 0x0000000087600000, 0x0000000087700000|  0%| F|  |TAMS 0x0000000087600000| PB 0x0000000087600000| Untracked 
|  53|0x0000000087700000, 0x0000000087700000, 0x0000000087800000|  0%| F|  |TAMS 0x0000000087700000| PB 0x0000000087700000| Untracked 
|  54|0x0000000087800000, 0x0000000087800000, 0x0000000087900000|  0%| F|  |TAMS 0x0000000087800000| PB 0x0000000087800000| Untracked 
|  55|0x0000000087900000, 0x0000000087900000, 0x0000000087a00000|  0%| F|  |TAMS 0x0000000087900000| PB 0x0000000087900000| Untracked 
|  66|0x0000000088400000, 0x0000000088400000, 0x0000000088500000|  0%| F|  |TAMS 0x0000000088400000| PB 0x0000000088400000| Untracked 
|  67|0x0000000088500000, 0x0000000088500000, 0x0000000088600000|  0%| F|  |TAMS 0x0000000088500000| PB 0x0000000088500000| Untracked 
|  68|0x0000000088600000, 0x0000000088600000, 0x0000000088700000|  0%| F|  |TAMS 0x0000000088600000| PB 0x0000000088600000| Untracked 
|  69|0x0000000088700000, 0x0000000088700000, 0x0000000088800000|  0%| F|  |TAMS 0x0000000088700000| PB 0x0000000088700000| Untracked 
|  70|0x0000000088800000, 0x0000000088800000, 0x0000000088900000|  0%| F|  |TAMS 0x0000000088800000| PB 0x0000000088800000| Untracked 
|  71|0x0000000088900000, 0x0000000088900000, 0x0000000088a00000|  0%| F|  |TAMS 0x0000000088900000| PB 0x0000000088900000| Untracked 
|  72|0x0000000088a00000, 0x0000000088a00000, 0x0000000088b00000|  0%| F|  |TAMS 0x0000000088a00000| PB 0x0000000088a00000| Untracked 
|  73|0x0000000088b00000, 0x0000000088b00000, 0x0000000088c00000|  0%| F|  |TAMS 0x0000000088b00000| PB 0x0000000088b00000| Untracked 
| 123|0x000000008bd00000, 0x000000008bd00000, 0x000000008be00000|  0%| F|  |TAMS 0x000000008bd00000| PB 0x000000008bd00000| Untracked 

Card table byte_map: [0x00000201e9040000,0x00000201e9420000] _byte_map_base: 0x00000201e8c1f000

Marking Bits: (CMBitMap*) 0x00000201ddc1c270
 Bits: [0x00000201e9800000, 0x00000201eb6f8000)

Polling page: 0x00000201dd370000

Metaspace:

Usage:
  Non-class:     56.15 MB used.
      Class:      9.15 MB used.
       Both:     65.30 MB used.

Virtual space:
  Non-class space:       64.00 MB reserved,      56.56 MB ( 88%) committed,  1 nodes.
      Class space:        1.00 GB reserved,       9.50 MB ( <1%) committed,  1 nodes.
             Both:        1.06 GB reserved,      66.06 MB (  6%) committed. 

Chunk freelists:
   Non-Class:  3.31 MB
       Class:  2.47 MB
        Both:  5.78 MB

MaxMetaspaceSize: unlimited
CompressedClassSpaceSize: 1.00 GB
Initial GC threshold: 21.00 MB
Current GC threshold: 97.81 MB
CDS: on
MetaspaceReclaimPolicy: balanced
 - commit_granule_bytes: 65536.
 - commit_granule_words: 8192.
 - virtual_space_node_default_size: 8388608.
 - enlarge_chunks_in_place: 1.
 - new_chunks_are_fully_committed: 0.
 - uncommit_free_chunks: 1.
 - use_allocation_guard: 0.


Internal statistics:

num_allocs_failed_limit: 9.
num_arena_births: 1040.
num_arena_deaths: 0.
num_vsnodes_births: 2.
num_vsnodes_deaths: 0.
num_space_committed: 1057.
num_space_uncommitted: 0.
num_chunks_returned_to_freelist: 9.
num_chunks_taken_from_freelist: 3365.
num_chunk_merges: 9.
num_chunk_splits: 2418.
num_chunks_enlarged: 1874.
num_inconsistent_stats: 0.

CodeCache: size=49152Kb used=12448Kb max_used=12448Kb free=36703Kb
 bounds [0x00000201e5c60000, 0x00000201e6890000, 0x00000201e8c60000]
 total_blobs=6959 nmethods=6235 adapters=647
 compilation: enabled
              stopped_count=0, restarted_count=0
 full_count=0

Compilation events (20 events):
Event: 6.612 Thread 0x00000201f1da86f0 6300       1       org.springframework.boot.ansi.AnsiOutput::isEnabled (46 bytes)
Event: 6.612 Thread 0x00000201edac98d0 nmethod 6298 0x00000201e6883e90 code [0x00000201e6884040, 0x00000201e68841e8]
Event: 6.612 Thread 0x00000201f1da8160 nmethod 6299 0x00000201e6884290 code [0x00000201e6884460, 0x00000201e6884688]
Event: 6.612 Thread 0x00000201f1da8160 6301       1       org.springframework.boot.ansi.AnsiOutput::buildEnabled (127 bytes)
Event: 6.612 Thread 0x00000201f1da86f0 nmethod 6300 0x00000201e6884810 code [0x00000201e68849c0, 0x00000201e6884b90]
Event: 6.612 Thread 0x00000201f1da86f0 6302       1       ch.qos.logback.core.pattern.CompositeConverter::convert (43 bytes)
Event: 6.612 Thread 0x00000201edac98d0 6303       1       org.springframework.boot.logging.logback.ColorConverter::transform (10 bytes)
Event: 6.612 Thread 0x00000201edac98d0 nmethod 6303 0x00000201e6884c90 code [0x00000201e6884e20, 0x00000201e6884f58]
Event: 6.612 Thread 0x00000201edac98d0 6304       1       org.springframework.boot.logging.logback.ColorConverter::transform (60 bytes)
Event: 6.612 Thread 0x00000201f1da86f0 nmethod 6302 0x00000201e6885010 code [0x00000201e68851e0, 0x00000201e68854b8]
Event: 6.612 Thread 0x00000201f1da8160 nmethod 6301 0x00000201e6885690 code [0x00000201e6885880, 0x00000201e6885c10]
Event: 6.612 Thread 0x00000201f1da86f0 6305       1       org.springframework.boot.logging.logback.ColorConverter::toAnsiString (16 bytes)
Event: 6.613 Thread 0x00000201f1da86f0 nmethod 6305 0x00000201e6885f10 code [0x00000201e68860e0, 0x00000201e6886580]
Event: 6.613 Thread 0x00000201edac98d0 nmethod 6304 0x00000201e6886790 code [0x00000201e68869a0, 0x00000201e6886f38]
Event: 6.614 Thread 0x00000201f1da8160 6306   !   1       org.springframework.orm.jpa.support.PersistenceAnnotationBeanPostProcessor::postProcessProperties (40 bytes)
Event: 6.614 Thread 0x00000201f1da86f0 6307   !   1       org.springframework.context.annotation.CommonAnnotationBeanPostProcessor::postProcessProperties (40 bytes)
Event: 6.614 Thread 0x00000201edac98d0 6308   !   1       org.springframework.beans.factory.annotation.AutowiredAnnotationBeanPostProcessor::postProcessProperties (46 bytes)
Event: 6.614 Thread 0x00000201f1da8160 nmethod 6306 0x00000201e6887210 code [0x00000201e68873c0, 0x00000201e68875d8]
Event: 6.614 Thread 0x00000201f1da86f0 nmethod 6307 0x00000201e6887710 code [0x00000201e68878c0, 0x00000201e6887ad8]
Event: 6.614 Thread 0x00000201edac98d0 nmethod 6308 0x00000201e6887c10 code [0x00000201e6887dc0, 0x00000201e6887ff8]

GC Heap History (20 events):
Event: 1.384 GC heap after
{Heap after GC invocations=3 (full 0):
 garbage-first heap   total 126976K, used 9680K [0x0000000084200000, 0x0000000100000000)
  region size 1024K, 4 young (4096K), 4 survivors (4096K)
 Metaspace       used 14051K, committed 14336K, reserved 1114112K
  class space    used 1803K, committed 1920K, reserved 1048576K
}
Event: 2.021 GC heap before
{Heap before GC invocations=3 (full 0):
 garbage-first heap   total 126976K, used 54736K [0x0000000084200000, 0x0000000100000000)
  region size 1024K, 50 young (51200K), 4 survivors (4096K)
 Metaspace       used 20901K, committed 21312K, reserved 1114112K
  class space    used 2751K, committed 2944K, reserved 1048576K
}
Event: 2.036 GC heap after
{Heap after GC invocations=4 (full 0):
 garbage-first heap   total 126976K, used 14078K [0x0000000084200000, 0x0000000100000000)
  region size 1024K, 8 young (8192K), 8 survivors (8192K)
 Metaspace       used 20901K, committed 21312K, reserved 1114112K
  class space    used 2751K, committed 2944K, reserved 1048576K
}
Event: 2.446 GC heap before
{Heap before GC invocations=5 (full 0):
 garbage-first heap   total 55296K, used 38654K [0x0000000084200000, 0x0000000100000000)
  region size 1024K, 32 young (32768K), 8 survivors (8192K)
 Metaspace       used 23803K, committed 24256K, reserved 1114112K
  class space    used 3190K, committed 3392K, reserved 1048576K
}
Event: 2.461 GC heap after
{Heap after GC invocations=6 (full 0):
 garbage-first heap   total 55296K, used 15531K [0x0000000084200000, 0x0000000100000000)
  region size 1024K, 2 young (2048K), 2 survivors (2048K)
 Metaspace       used 23803K, committed 24256K, reserved 1114112K
  class space    used 3190K, committed 3392K, reserved 1048576K
}
Event: 3.051 GC heap before
{Heap before GC invocations=6 (full 0):
 garbage-first heap   total 55296K, used 43179K [0x0000000084200000, 0x0000000100000000)
  region size 1024K, 29 young (29696K), 2 survivors (2048K)
 Metaspace       used 28250K, committed 28800K, reserved 1114112K
  class space    used 3856K, committed 4096K, reserved 1048576K
}
Event: 3.062 GC heap after
{Heap after GC invocations=7 (full 0):
 garbage-first heap   total 55296K, used 18166K [0x0000000084200000, 0x0000000100000000)
  region size 1024K, 4 young (4096K), 4 survivors (4096K)
 Metaspace       used 28250K, committed 28800K, reserved 1114112K
  class space    used 3856K, committed 4096K, reserved 1048576K
}
Event: 3.443 GC heap before
{Heap before GC invocations=7 (full 0):
 garbage-first heap   total 55296K, used 43766K [0x0000000084200000, 0x0000000100000000)
  region size 1024K, 30 young (30720K), 4 survivors (4096K)
 Metaspace       used 32495K, committed 33088K, reserved 1114112K
  class space    used 4428K, committed 4672K, reserved 1048576K
}
Event: 3.455 GC heap after
{Heap after GC invocations=8 (full 0):
 garbage-first heap   total 66560K, used 20187K [0x0000000084200000, 0x0000000100000000)
  region size 1024K, 2 young (2048K), 2 survivors (2048K)
 Metaspace       used 32495K, committed 33088K, reserved 1114112K
  class space    used 4428K, committed 4672K, reserved 1048576K
}
Event: 3.619 GC heap before
{Heap before GC invocations=8 (full 0):
 garbage-first heap   total 66560K, used 28379K [0x0000000084200000, 0x0000000100000000)
  region size 1024K, 11 young (11264K), 2 survivors (2048K)
 Metaspace       used 34884K, committed 35520K, reserved 1114112K
  class space    used 4790K, committed 5120K, reserved 1048576K
}
Event: 3.625 GC heap after
{Heap after GC invocations=9 (full 0):
 garbage-first heap   total 66560K, used 20433K [0x0000000084200000, 0x0000000100000000)
  region size 1024K, 2 young (2048K), 2 survivors (2048K)
 Metaspace       used 34884K, committed 35520K, reserved 1114112K
  class space    used 4790K, committed 5120K, reserved 1048576K
}
Event: 4.564 GC heap before
{Heap before GC invocations=10 (full 0):
 garbage-first heap   total 66560K, used 57297K [0x0000000084200000, 0x0000000100000000)
  region size 1024K, 38 young (38912K), 2 survivors (2048K)
 Metaspace       used 47336K, committed 47936K, reserved 1114112K
  class space    used 6453K, committed 6720K, reserved 1048576K
}
Event: 4.571 GC heap after
{Heap after GC invocations=11 (full 0):
 garbage-first heap   total 66560K, used 23505K [0x0000000084200000, 0x0000000100000000)
  region size 1024K, 5 young (5120K), 5 survivors (5120K)
 Metaspace       used 47336K, committed 47936K, reserved 1114112K
  class space    used 6453K, committed 6720K, reserved 1048576K
}
Event: 5.258 GC heap before
{Heap before GC invocations=11 (full 0):
 garbage-first heap   total 66560K, used 56273K [0x0000000084200000, 0x0000000100000000)
  region size 1024K, 38 young (38912K), 5 survivors (5120K)
 Metaspace       used 55644K, committed 56256K, reserved 1114112K
  class space    used 7718K, committed 7936K, reserved 1048576K
}
Event: 5.270 GC heap after
{Heap after GC invocations=12 (full 0):
 garbage-first heap   total 66560K, used 25190K [0x0000000084200000, 0x0000000100000000)
  region size 1024K, 2 young (2048K), 2 survivors (2048K)
 Metaspace       used 55644K, committed 56256K, reserved 1114112K
  class space    used 7718K, committed 7936K, reserved 1048576K
}
Event: 5.586 GC heap before
{Heap before GC invocations=12 (full 0):
 garbage-first heap   total 66560K, used 40550K [0x0000000084200000, 0x0000000100000000)
  region size 1024K, 18 young (18432K), 2 survivors (2048K)
 Metaspace       used 59229K, committed 59840K, reserved 1114112K
  class space    used 8268K, committed 8512K, reserved 1048576K
}
Event: 5.591 GC heap after
{Heap after GC invocations=13 (full 0):
 garbage-first heap   total 66560K, used 25641K [0x0000000084200000, 0x0000000100000000)
  region size 1024K, 3 young (3072K), 3 survivors (3072K)
 Metaspace       used 59229K, committed 59840K, reserved 1114112K
  class space    used 8268K, committed 8512K, reserved 1048576K
}
Event: 6.185 GC heap before
{Heap before GC invocations=14 (full 0):
 garbage-first heap   total 66560K, used 58409K [0x0000000084200000, 0x0000000100000000)
  region size 1024K, 35 young (35840K), 3 survivors (3072K)
 Metaspace       used 63649K, committed 64384K, reserved 1114112K
  class space    used 8896K, committed 9216K, reserved 1048576K
}
Event: 6.196 GC heap after
{Heap after GC invocations=15 (full 0):
 garbage-first heap   total 66560K, used 28872K [0x0000000084200000, 0x0000000100000000)
  region size 1024K, 5 young (5120K), 5 survivors (5120K)
 Metaspace       used 63649K, committed 64384K, reserved 1114112K
  class space    used 8896K, committed 9216K, reserved 1048576K
}
Event: 6.615 GC heap before
{Heap before GC invocations=15 (full 0):
 garbage-first heap   total 66560K, used 56520K [0x0000000084200000, 0x0000000100000000)
  region size 1024K, 32 young (32768K), 5 survivors (5120K)
 Metaspace       used 66869K, committed 67648K, reserved 1114112K
  class space    used 9372K, committed 9728K, reserved 1048576K
}

Dll operation events (14 events):
Event: 0.026 Loaded shared library C:\Users\91701\.jdks\openjdk-20.0.1\bin\java.dll
Event: 0.044 Loaded shared library C:\Users\91701\.jdks\openjdk-20.0.1\bin\jsvml.dll
Event: 0.216 Loaded shared library C:\Users\91701\.jdks\openjdk-20.0.1\bin\zip.dll
Event: 0.220 Loaded shared library C:\Users\91701\.jdks\openjdk-20.0.1\bin\instrument.dll
Event: 0.229 Loaded shared library C:\Users\91701\.jdks\openjdk-20.0.1\bin\net.dll
Event: 0.231 Loaded shared library C:\Users\91701\.jdks\openjdk-20.0.1\bin\nio.dll
Event: 0.235 Loaded shared library C:\Users\91701\.jdks\openjdk-20.0.1\bin\zip.dll
Event: 0.334 Loaded shared library C:\Program Files\JetBrains\IntelliJ IDEA 2024.1.4\bin\breakgen64.dll
Event: 0.353 Loaded shared library C:\Users\91701\.jdks\openjdk-20.0.1\bin\jimage.dll
Event: 0.386 Loaded shared library C:\Users\91701\.jdks\openjdk-20.0.1\bin\extnet.dll
Event: 0.412 Loaded shared library C:\Users\91701\.jdks\openjdk-20.0.1\bin\management.dll
Event: 0.427 Loaded shared library C:\Users\91701\.jdks\openjdk-20.0.1\bin\management_ext.dll
Event: 1.634 Loaded shared library C:\Users\91701\.jdks\openjdk-20.0.1\bin\sunmscapi.dll
Event: 3.538 Loaded shared library C:\Users\91701\.jdks\openjdk-20.0.1\bin\verify.dll

Deoptimization events (14 events):
Event: 0.570 Thread 0x00000201ddbbec30 DEOPT PACKING pc=0x00000201e5fd615d sp=0x000000249affd340
Event: 0.570 Thread 0x00000201ddbbec30 DEOPT UNPACKING pc=0x00000201e5cce462 sp=0x000000249affc7f0 mode 3
Event: 0.577 Thread 0x00000201ddbbec30 DEOPT PACKING pc=0x00000201e5fe7060 sp=0x000000249affd310
Event: 0.577 Thread 0x00000201ddbbec30 DEOPT UNPACKING pc=0x00000201e5cce462 sp=0x000000249affc7c8 mode 3
Event: 1.402 Thread 0x00000201f24d2640 DEOPT PACKING pc=0x00000201e620e3f9 sp=0x000000249c8fcf30
Event: 1.402 Thread 0x00000201f24d2640 DEOPT UNPACKING pc=0x00000201e5cce462 sp=0x000000249c8fc410 mode 3
Event: 2.746 Thread 0x00000201f24d2640 DEOPT PACKING pc=0x00000201e63d9974 sp=0x000000249c8fcd10
Event: 2.746 Thread 0x00000201f24d2640 DEOPT UNPACKING pc=0x00000201e5cce462 sp=0x000000249c8fc1c8 mode 0
Event: 3.204 Thread 0x00000201f24d2640 DEOPT PACKING pc=0x00000201e64eaaed sp=0x000000249c8fc2e0
Event: 3.204 Thread 0x00000201f24d2640 DEOPT UNPACKING pc=0x00000201e5cce462 sp=0x000000249c8fb848 mode 3
Event: 5.891 Thread 0x00000201f24d2640 DEOPT PACKING pc=0x00000201e624c914 sp=0x000000249c8fc030
Event: 5.891 Thread 0x00000201f24d2640 DEOPT UNPACKING pc=0x00000201e5cce462 sp=0x000000249c8fb588 mode 0
Event: 6.027 Thread 0x00000201f24d2640 DEOPT PACKING pc=0x00000201e6245ab1 sp=0x000000249c8fc2e0
Event: 6.027 Thread 0x00000201f24d2640 DEOPT UNPACKING pc=0x00000201e5cce462 sp=0x000000249c8fb7e8 mode 3

Classes loaded (20 events):
Event: 6.428 Loading class javax/management/PersistentMBean done
Event: 6.428 Loading class javax/management/modelmbean/ModelMBean done
Event: 6.429 Loading class javax/management/modelmbean/ModelMBeanInfo
Event: 6.429 Loading class javax/management/modelmbean/ModelMBeanInfo done
Event: 6.432 Loading class javax/management/Attribute
Event: 6.432 Loading class javax/management/Attribute done
Event: 6.605 Loading class java/util/Base64
Event: 6.605 Loading class java/util/Base64 done
Event: 6.605 Loading class java/util/Base64$Encoder
Event: 6.605 Loading class java/util/Base64$Encoder done
Event: 6.606 Loading class java/nio/StringCharBuffer
Event: 6.606 Loading class java/nio/StringCharBuffer done
Event: 6.607 Loading class javax/crypto/SecretKeyFactory
Event: 6.607 Loading class javax/crypto/SecretKeyFactory done
Event: 6.607 Loading class com/sun/crypto/provider/PBKDF2Core$HmacSHA256
Event: 6.607 Loading class com/sun/crypto/provider/PBKDF2Core
Event: 6.607 Loading class javax/crypto/SecretKeyFactorySpi
Event: 6.607 Loading class javax/crypto/SecretKeyFactorySpi done
Event: 6.607 Loading class com/sun/crypto/provider/PBKDF2Core done
Event: 6.607 Loading class com/sun/crypto/provider/PBKDF2Core$HmacSHA256 done

Classes unloaded (0 events):
No events

Classes redefined (0 events):
No events

Internal exceptions (20 events):
Event: 5.459 Thread 0x00000201f24d2640 Exception <a 'java/lang/NoSuchMethodError'{0x000000008845a188}: 'java.lang.Object java.lang.invoke.Invokers$Holder.linkToTargetMethod(java.lang.Object, java.lang.Object, java.lang.Object, java.lang.Object, java.lang.Object, java.lang.Object, java.lang.Object, java.lang.Object, java.lang.Object, java.lang.Object, java.lang.Object, java.lang.Object)'> (0x000000008845a188) 
thrown [s\open\src\hotspot\share\interpreter\linkResolver.cpp, line 773]
Event: 5.495 Thread 0x00000201f24d2640 Exception <a 'java/lang/NoSuchMethodError'{0x000000008784b578}: 'java.lang.Object java.lang.invoke.DirectMethodHandle$Holder.newInvokeSpecial(java.lang.Object, java.lang.Object, int, java.lang.Object, int, java.lang.Object, java.lang.Object)'> (0x000000008784b578) 
thrown [s\open\src\hotspot\share\interpreter\linkResolver.cpp, line 773]
Event: 5.501 Thread 0x00000201f24d2640 Exception <a 'java/lang/NoSuchMethodError'{0x000000008789d478}: 'java.lang.Object java.lang.invoke.DirectMethodHandle$Holder.newInvokeSpecial(java.lang.Object, java.lang.Object, java.lang.Object, java.lang.Object, java.lang.Object, java.lang.Object, java.lang.Object, int)'> (0x000000008789d478) 
thrown [s\open\src\hotspot\share\interpreter\linkResolver.cpp, line 773]
Event: 5.501 Thread 0x00000201f24d2640 Exception <a 'java/lang/NoSuchMethodError'{0x00000000878a19d8}: 'java.lang.Object java.lang.invoke.DirectMethodHandle$Holder.invokeSpecial(java.lang.Object, java.lang.Object, java.lang.Object, java.lang.Object, java.lang.Object, java.lang.Object, java.lang.Object, java.lang.Object, int)'> (0x00000000878a19d8) 
thrown [s\open\src\hotspot\share\interpreter\linkResolver.cpp, line 773]
Event: 5.501 Thread 0x00000201f24d2640 Exception <a 'java/lang/NoSuchMethodError'{0x00000000878a59f0}: 'java.lang.Object java.lang.invoke.Invokers$Holder.linkToTargetMethod(java.lang.Object, java.lang.Object, java.lang.Object, java.lang.Object, java.lang.Object, java.lang.Object, int, java.lang.Object)'> (0x00000000878a59f0) 
thrown [s\open\src\hotspot\share\interpreter\linkResolver.cpp, line 773]
Event: 5.672 Thread 0x00000201f24d2640 Exception <a 'java/lang/NoSuchMethodError'{0x0000000088b22f10}: 'java.lang.Object java.lang.invoke.DirectMethodHandle$Holder.invokeSpecial(java.lang.Object, java.lang.Object, int, java.lang.Object, int)'> (0x0000000088b22f10) 
thrown [s\open\src\hotspot\share\interpreter\linkResolver.cpp, line 773]
Event: 5.726 Thread 0x00000201f24d2640 Exception <a 'java/lang/NoSuchMethodError'{0x0000000088a4e2b8}: 'void java.lang.invoke.Invokers$Holder.invokeExact_MT(java.lang.Object, java.lang.Object, java.lang.Object, java.lang.Object)'> (0x0000000088a4e2b8) 
thrown [s\open\src\hotspot\share\interpreter\linkResolver.cpp, line 773]
Event: 5.780 Thread 0x00000201f24d2640 Exception <a 'java/lang/IncompatibleClassChangeError'{0x000000008867e450}: Found class java.lang.Object, but interface was expected> (0x000000008867e450) 
thrown [s\open\src\hotspot\share\interpreter\linkResolver.cpp, line 840]
Event: 5.791 Thread 0x00000201f24d2640 Exception <a 'java/lang/IncompatibleClassChangeError'{0x00000000886f83e0}: Found class java.lang.Object, but interface was expected> (0x00000000886f83e0) 
thrown [s\open\src\hotspot\share\interpreter\linkResolver.cpp, line 840]
Event: 5.823 Thread 0x00000201f24d2640 Exception <a 'java/lang/IncompatibleClassChangeError'{0x0000000088465c90}: Found class java.lang.Object, but interface was expected> (0x0000000088465c90) 
thrown [s\open\src\hotspot\share\interpreter\linkResolver.cpp, line 840]
Event: 5.939 Thread 0x00000201f24d2640 Exception <a 'java/lang/IncompatibleClassChangeError'{0x00000000873c5138}: Found class java.lang.Object, but interface was expected> (0x00000000873c5138) 
thrown [s\open\src\hotspot\share\interpreter\linkResolver.cpp, line 840]
Event: 5.986 Thread 0x00000201f24d2640 Exception <a 'java/lang/IncompatibleClassChangeError'{0x0000000086db2808}: Found class java.lang.Object, but interface was expected> (0x0000000086db2808) 
thrown [s\open\src\hotspot\share\interpreter\linkResolver.cpp, line 840]
Event: 6.021 Thread 0x00000201f24d2640 Exception <a 'java/lang/NoSuchMethodError'{0x0000000086b86e08}: 'java.lang.Object java.lang.invoke.DirectMethodHandle$Holder.invokeStatic(java.lang.Object, int, java.lang.Object)'> (0x0000000086b86e08) 
thrown [s\open\src\hotspot\share\interpreter\linkResolver.cpp, line 773]
Event: 6.142 Thread 0x00000201f24d2640 Exception <a 'java/lang/NoSuchMethodError'{0x0000000086237800}: 'java.lang.Object java.lang.invoke.DirectMethodHandle$Holder.newInvokeSpecial(java.lang.Object, java.lang.Object, java.lang.Object, java.lang.Object, java.lang.Object, java.lang.Object, java.lang.Object, java.lang.Object)'> (0x0000000086237800) 
thrown [s\open\src\hotspot\share\interpreter\linkResolver.cpp, line 773]
Event: 6.335 Thread 0x00000201f24d2640 Exception <a 'java/lang/IncompatibleClassChangeError'{0x00000000884b84a8}: Found class java.lang.Object, but interface was expected> (0x00000000884b84a8) 
thrown [s\open\src\hotspot\share\interpreter\linkResolver.cpp, line 840]
Event: 6.371 Thread 0x00000201f24d2640 Exception <a 'java/lang/NoSuchMethodError'{0x00000000878966e0}: 'void java.lang.invoke.DirectMethodHandle$Holder.invokeVirtual(java.lang.Object, java.lang.Object, long)'> (0x00000000878966e0) 
thrown [s\open\src\hotspot\share\interpreter\linkResolver.cpp, line 773]
Event: 6.416 Thread 0x00000201f24d2640 Exception <a 'java/lang/NoSuchMethodError'{0x0000000087407fe0}: 'int java.lang.invoke.DirectMethodHandle$Holder.invokeStaticInit(java.lang.Object, java.lang.Object, java.lang.Object, java.lang.Object)'> (0x0000000087407fe0) 
thrown [s\open\src\hotspot\share\interpreter\linkResolver.cpp, line 773]
Event: 6.452 Thread 0x00000201f24d2640 Exception <a 'java/lang/IncompatibleClassChangeError'{0x00000000873e8eb8}: Found class java.lang.Object, but interface was expected> (0x00000000873e8eb8) 
thrown [s\open\src\hotspot\share\interpreter\linkResolver.cpp, line 840]
Event: 6.509 Thread 0x00000201f24d2640 Exception <a 'java/lang/IncompatibleClassChangeError'{0x0000000086eea4e8}: Found class java.lang.Object, but interface was expected> (0x0000000086eea4e8) 
thrown [s\open\src\hotspot\share\interpreter\linkResolver.cpp, line 840]
Event: 6.515 Thread 0x00000201f24d2640 Exception <a 'java/lang/NoSuchMethodError'{0x0000000086d6abd0}: 'java.lang.Object java.lang.invoke.DirectMethodHandle$Holder.invokeVirtual(java.lang.Object, java.lang.Object, java.lang.Object, java.lang.Object, java.lang.Object, java.lang.Object, java.lang.Object)'> (0x0000000086d6abd0) 
thrown [s\open\src\hotspot\share\interpreter\linkResolver.cpp, line 773]

VM Operations (20 events):
Event: 5.649 Executing VM operation: G1PauseCleanup done
Event: 5.890 Executing VM operation: HandshakeAllThreads
Event: 5.890 Executing VM operation: HandshakeAllThreads done
Event: 5.949 Executing VM operation: HandshakeAllThreads
Event: 5.949 Executing VM operation: HandshakeAllThreads done
Event: 5.950 Executing VM operation: HandshakeAllThreads
Event: 5.950 Executing VM operation: HandshakeAllThreads done
Event: 6.185 Executing VM operation: G1CollectForAllocation
Event: 6.196 Executing VM operation: G1CollectForAllocation done
Event: 6.211 Executing VM operation: HandshakeAllThreads
Event: 6.211 Executing VM operation: HandshakeAllThreads done
Event: 6.235 Executing VM operation: HandshakeAllThreads
Event: 6.235 Executing VM operation: HandshakeAllThreads done
Event: 6.236 Executing VM operation: HandshakeAllThreads
Event: 6.236 Executing VM operation: HandshakeAllThreads done
Event: 6.386 Executing VM operation: HandshakeAllThreads
Event: 6.386 Executing VM operation: HandshakeAllThreads done
Event: 6.607 Executing VM operation: HandshakeAllThreads
Event: 6.607 Executing VM operation: HandshakeAllThreads done
Event: 6.615 Executing VM operation: G1CollectForAllocation

Events (20 events):
Event: 5.633 Thread 0x00000201edaa2bc0 flushing nmethod 0x00000201e6391190
Event: 5.633 Thread 0x00000201edaa2bc0 flushing nmethod 0x00000201e636e990
Event: 5.633 Thread 0x00000201edaa2bc0 flushing nmethod 0x00000201e6366810
Event: 5.633 Thread 0x00000201edaa2bc0 flushing nmethod 0x00000201e6365a90
Event: 5.633 Thread 0x00000201edaa2bc0 flushing nmethod 0x00000201e635c490
Event: 5.633 Thread 0x00000201edaa2bc0 flushing nmethod 0x00000201e62e9710
Event: 5.633 Thread 0x00000201edaa2bc0 flushing nmethod 0x00000201e62dce90
Event: 5.633 Thread 0x00000201edaa2bc0 flushing nmethod 0x00000201e62d1b90
Event: 5.633 Thread 0x00000201edaa2bc0 flushing nmethod 0x00000201e62a1f10
Event: 5.633 Thread 0x00000201edaa2bc0 flushing nmethod 0x00000201e61c5690
Event: 5.633 Thread 0x00000201edaa2bc0 flushing nmethod 0x00000201e613e290
Event: 5.633 Thread 0x00000201edaa2bc0 flushing nmethod 0x00000201e613dd90
Event: 5.633 Thread 0x00000201edaa2bc0 flushing nmethod 0x00000201e60df210
Event: 5.633 Thread 0x00000201edaa2bc0 flushing nmethod 0x00000201e6096a10
Event: 5.633 Thread 0x00000201edaa2bc0 flushing nmethod 0x00000201e5fe8410
Event: 5.633 Thread 0x00000201edaa2bc0 flushing nmethod 0x00000201e5d97190
Event: 5.729 Thread 0x00000201f322ddd0 Thread added: 0x00000201f322ddd0
Event: 5.734 Thread 0x00000201f322ddd0 Thread exited: 0x00000201f322ddd0
Event: 6.237 Thread 0x00000201f322ddd0 Thread added: 0x00000201f322ddd0
Event: 6.242 Thread 0x00000201f322ddd0 Thread exited: 0x00000201f322ddd0


Dynamic libraries:
0x00007ff7768b0000 - 0x00007ff7768be000 	C:\Users\91701\.jdks\openjdk-20.0.1\bin\java.exe
0x00007ffb840b0000 - 0x00007ffb842c7000 	C:\WINDOWS\SYSTEM32\ntdll.dll
0x00007ffb82640000 - 0x00007ffb82704000 	C:\WINDOWS\System32\KERNEL32.DLL
0x00007ffb81800000 - 0x00007ffb81ba7000 	C:\WINDOWS\System32\KERNELBASE.dll
0x00007ffb813d0000 - 0x00007ffb814e1000 	C:\WINDOWS\System32\ucrtbase.dll
0x00007ffb7e250000 - 0x00007ffb7e26b000 	C:\Users\91701\.jdks\openjdk-20.0.1\bin\VCRUNTIME140.dll
0x00007ffb7e230000 - 0x00007ffb7e247000 	C:\Users\91701\.jdks\openjdk-20.0.1\bin\jli.dll
0x00007ffb83ca0000 - 0x00007ffb83e4e000 	C:\WINDOWS\System32\USER32.dll
0x00007ffb6b6d0000 - 0x00007ffb6b963000 	C:\WINDOWS\WinSxS\amd64_microsoft.windows.common-controls_6595b64144ccf1df_6.0.22621.3527_none_270e469b73872a76\COMCTL32.dll
0x00007ffb814f0000 - 0x00007ffb81516000 	C:\WINDOWS\System32\win32u.dll
0x00007ffb83240000 - 0x00007ffb832e7000 	C:\WINDOWS\System32\msvcrt.dll
0x00007ffb84040000 - 0x00007ffb84069000 	C:\WINDOWS\System32\GDI32.dll
0x00007ffb81c20000 - 0x00007ffb81d39000 	C:\WINDOWS\System32\gdi32full.dll
0x00007ffb81d40000 - 0x00007ffb81dda000 	C:\WINDOWS\System32\msvcp_win.dll
0x00007ffb83410000 - 0x00007ffb83441000 	C:\WINDOWS\System32\IMM32.DLL
0x00007ffb7e220000 - 0x00007ffb7e22c000 	C:\Users\91701\.jdks\openjdk-20.0.1\bin\vcruntime140_1.dll
0x00007ffb7be90000 - 0x00007ffb7bf1e000 	C:\Users\91701\.jdks\openjdk-20.0.1\bin\msvcp140.dll
0x00007ffb32390000 - 0x00007ffb33027000 	C:\Users\91701\.jdks\openjdk-20.0.1\bin\server\jvm.dll
0x00007ffb83690000 - 0x00007ffb83742000 	C:\WINDOWS\System32\ADVAPI32.dll
0x00007ffb83f00000 - 0x00007ffb83fa8000 	C:\WINDOWS\System32\sechost.dll
0x00007ffb81660000 - 0x00007ffb81688000 	C:\WINDOWS\System32\bcrypt.dll
0x00007ffb82870000 - 0x00007ffb82985000 	C:\WINDOWS\System32\RPCRT4.dll
0x00007ffb7dc80000 - 0x00007ffb7dc89000 	C:\WINDOWS\SYSTEM32\WSOCK32.dll
0x00007ffb82d20000 - 0x00007ffb82d91000 	C:\WINDOWS\System32\WS2_32.dll
0x00007ffb77c50000 - 0x00007ffb77c84000 	C:\WINDOWS\SYSTEM32\WINMM.dll
0x00007ffb725a0000 - 0x00007ffb725aa000 	C:\WINDOWS\SYSTEM32\VERSION.dll
0x00007ffb803c0000 - 0x00007ffb803d8000 	C:\WINDOWS\SYSTEM32\kernel.appcore.dll
0x00007ffb7e210000 - 0x00007ffb7e21a000 	C:\Users\91701\.jdks\openjdk-20.0.1\bin\jimage.dll
0x00007ffb7e770000 - 0x00007ffb7e9a2000 	C:\WINDOWS\SYSTEM32\DBGHELP.DLL
0x00007ffb82990000 - 0x00007ffb82d18000 	C:\WINDOWS\System32\combase.dll
0x00007ffb834b0000 - 0x00007ffb83587000 	C:\WINDOWS\System32\OLEAUT32.dll
0x00007ffb718a0000 - 0x00007ffb718d2000 	C:\WINDOWS\SYSTEM32\dbgcore.DLL
0x00007ffb815e0000 - 0x00007ffb81659000 	C:\WINDOWS\System32\bcryptPrimitives.dll
0x00007ffb7bcd0000 - 0x00007ffb7bcde000 	C:\Users\91701\.jdks\openjdk-20.0.1\bin\instrument.dll
0x00007ffb7e1e0000 - 0x00007ffb7e206000 	C:\Users\91701\.jdks\openjdk-20.0.1\bin\java.dll
0x00007ffb7bdb0000 - 0x00007ffb7be87000 	C:\Users\91701\.jdks\openjdk-20.0.1\bin\jsvml.dll
0x00007ffb81de0000 - 0x00007ffb8263c000 	C:\WINDOWS\System32\SHELL32.dll
0x00007ffb7f2c0000 - 0x00007ffb7fbb6000 	C:\WINDOWS\SYSTEM32\windows.storage.dll
0x00007ffb7f180000 - 0x00007ffb7f2be000 	C:\WINDOWS\SYSTEM32\wintypes.dll
0x00007ffb832f0000 - 0x00007ffb833e5000 	C:\WINDOWS\System32\SHCORE.dll
0x00007ffb83450000 - 0x00007ffb834ae000 	C:\WINDOWS\System32\shlwapi.dll
0x00007ffb81300000 - 0x00007ffb81321000 	C:\WINDOWS\SYSTEM32\profapi.dll
0x00007ffb7bd50000 - 0x00007ffb7bd68000 	C:\Users\91701\.jdks\openjdk-20.0.1\bin\zip.dll
0x00007ffb7bd90000 - 0x00007ffb7bda3000 	C:\Users\91701\.jdks\openjdk-20.0.1\bin\net.dll
0x00007ffb79f10000 - 0x00007ffb7a046000 	C:\WINDOWS\SYSTEM32\WINHTTP.dll
0x00007ffb80840000 - 0x00007ffb808a9000 	C:\WINDOWS\system32\mswsock.dll
0x00007ffb7bd70000 - 0x00007ffb7bd86000 	C:\Users\91701\.jdks\openjdk-20.0.1\bin\nio.dll
0x00007ffb7bcb0000 - 0x00007ffb7bcca000 	C:\Program Files\JetBrains\IntelliJ IDEA 2024.1.4\bin\breakgen64.dll
0x00007ffb7fe90000 - 0x00007ffb7ff88000 	C:\WINDOWS\SYSTEM32\DNSAPI.dll
0x00007ffb7fe20000 - 0x00007ffb7fe4d000 	C:\WINDOWS\SYSTEM32\IPHLPAPI.DLL
0x00007ffb83750000 - 0x00007ffb83759000 	C:\WINDOWS\System32\NSI.dll
0x00007ffb7bd40000 - 0x00007ffb7bd47000 	C:\Users\91701\.jdks\openjdk-20.0.1\bin\extnet.dll
0x00007ffb72590000 - 0x00007ffb7259a000 	C:\Windows\System32\rasadhlp.dll
0x00007ffb773f0000 - 0x00007ffb77473000 	C:\WINDOWS\System32\fwpuclnt.dll
0x00007ffb710b0000 - 0x00007ffb710ba000 	C:\Users\91701\.jdks\openjdk-20.0.1\bin\management.dll
0x00007ffb710a0000 - 0x00007ffb710ab000 	C:\Users\91701\.jdks\openjdk-20.0.1\bin\management_ext.dll
0x00007ffb83fb0000 - 0x00007ffb83fb8000 	C:\WINDOWS\System32\PSAPI.DLL
0x00007ffb80aa0000 - 0x00007ffb80abb000 	C:\WINDOWS\SYSTEM32\CRYPTSP.dll
0x00007ffb80320000 - 0x00007ffb80355000 	C:\WINDOWS\system32\rsaenh.dll
0x00007ffb80940000 - 0x00007ffb80968000 	C:\WINDOWS\SYSTEM32\USERENV.dll
0x00007ffb80ac0000 - 0x00007ffb80acc000 	C:\WINDOWS\SYSTEM32\CRYPTBASE.dll
0x00007ffb79e70000 - 0x00007ffb79e89000 	C:\WINDOWS\SYSTEM32\dhcpcsvc6.DLL
0x00007ffb79e50000 - 0x00007ffb79e6f000 	C:\WINDOWS\SYSTEM32\dhcpcsvc.DLL
0x00007ffb62770000 - 0x00007ffb62787000 	C:\WINDOWS\system32\napinsp.dll
0x00007ffb62750000 - 0x00007ffb6276b000 	C:\WINDOWS\system32\pnrpnsp.dll
0x00007ffb62700000 - 0x00007ffb62711000 	C:\WINDOWS\System32\winrnr.dll
0x00007ffb5f950000 - 0x00007ffb5f965000 	C:\WINDOWS\system32\wshbth.dll
0x00007ffb5f920000 - 0x00007ffb5f947000 	C:\WINDOWS\system32\nlansp_c.dll
0x00007ffb7bd00000 - 0x00007ffb7bd0e000 	C:\Users\91701\.jdks\openjdk-20.0.1\bin\sunmscapi.dll
0x00007ffb81690000 - 0x00007ffb817f8000 	C:\WINDOWS\System32\CRYPT32.dll
0x00007ffb80c80000 - 0x00007ffb80cae000 	C:\WINDOWS\SYSTEM32\ncrypt.dll
0x00007ffb80c40000 - 0x00007ffb80c77000 	C:\WINDOWS\SYSTEM32\NTASN1.dll
0x00007ffb7bd10000 - 0x00007ffb7bd20000 	C:\Users\91701\.jdks\openjdk-20.0.1\bin\verify.dll

dbghelp: loaded successfully - version: 4.0.5 - missing functions: none
symbol engine: initialized successfully - sym options: 0x614 - pdb path: .;C:\Users\91701\.jdks\openjdk-20.0.1\bin;C:\WINDOWS\SYSTEM32;C:\WINDOWS\WinSxS\amd64_microsoft.windows.common-controls_6595b64144ccf1df_6.0.22621.3527_none_270e469b73872a76;C:\Users\91701\.jdks\openjdk-20.0.1\bin\server;C:\Program Files\JetBrains\IntelliJ IDEA 2024.1.4\bin

VM Arguments:
jvm_args: -XX:TieredStopAtLevel=1 -Dspring.output.ansi.enabled=always -Dcom.sun.management.jmxremote -Dspring.jmx.enabled=true -Dspring.liveBeansView.mbeanDomain -Dspring.application.admin.enabled=true -Dmanagement.endpoints.jmx.exposure.include=* -javaagent:C:\Program Files\JetBrains\IntelliJ IDEA 2024.1.4\lib\idea_rt.jar=65279:C:\Program Files\JetBrains\IntelliJ IDEA 2024.1.4\bin -Dfile.encoding=UTF-8 -Dsun.stdout.encoding=UTF-8 -Dsun.stderr.encoding=UTF-8 
java_command: com.divyan.ecommerce.ecommerce_backend.EcommerceBackendApplication
java_class_path (initial): D:\ecommerce-backend\target\classes;C:\Users\91701\.m2\repository\org\springframework\boot\spring-boot-starter-security\3.3.3\spring-boot-starter-security-3.3.3.jar;C:\Users\91701\.m2\repository\org\springframework\boot\spring-boot-starter\3.3.3\spring-boot-starter-3.3.3.jar;C:\Users\91701\.m2\repository\org\springframework\boot\spring-boot-starter-logging\3.3.3\spring-boot-starter-logging-3.3.3.jar;C:\Users\91701\.m2\repository\ch\qos\logback\logback-classic\1.5.7\logback-classic-1.5.7.jar;C:\Users\91701\.m2\repository\ch\qos\logback\logback-core\1.5.7\logback-core-1.5.7.jar;C:\Users\91701\.m2\repository\org\apache\logging\log4j\log4j-to-slf4j\2.23.1\log4j-to-slf4j-2.23.1.jar;C:\Users\91701\.m2\repository\org\apache\logging\log4j\log4j-api\2.23.1\log4j-api-2.23.1.jar;C:\Users\91701\.m2\repository\org\slf4j\jul-to-slf4j\2.0.16\jul-to-slf4j-2.0.16.jar;C:\Users\91701\.m2\repository\jakarta\annotation\jakarta.annotation-api\2.1.1\jakarta.annotation-api-2.1.1.jar;C:\Users\91701\.m2\repository\org\yaml\snakeyaml\2.2\snakeyaml-2.2.jar;C:\Users\91701\.m2\repository\org\springframework\spring-aop\6.1.12\spring-aop-6.1.12.jar;C:\Users\91701\.m2\repository\org\springframework\spring-beans\6.1.12\spring-beans-6.1.12.jar;C:\Users\91701\.m2\repository\org\springframework\security\spring-security-config\6.3.3\spring-security-config-6.3.3.jar;C:\Users\91701\.m2\repository\org\springframework\security\spring-security-core\6.3.3\spring-security-core-6.3.3.jar;C:\Users\91701\.m2\repository\org\springframework\security\spring-security-crypto\6.3.3\spring-security-crypto-6.3.3.jar;C:\Users\91701\.m2\repository\org\springframework\spring-context\6.1.12\spring-context-6.1.12.jar;C:\Users\91701\.m2\repository\org\springframework\security\spring-security-web\6.3.3\spring-security-web-6.3.3.jar;C:\Users\91701\.m2\repository\org\springframework\spring-expression\6.1.12\spring-expression-6.1.12.jar;C:\Users\91701\.m2\repository\org\springframework\boot\spring-boot-starter-data-jdbc\3.3.3\spring-boot-starter-data-jdbc-3.3.3.jar;C:\Users\91701\.m2\repository\org\springframework\boot\spring-boot-starter-jdbc\3.3.3\spring-boot-starter-jdbc-3.3.3.jar;C:\Users\91701\.m2\repository\com\zaxxer\HikariCP\5.1.0\HikariCP-5.1.0.jar;C:\Users\91701\.m2\repository\org\springframework\spring-jdbc\6.1.12\spring-jdbc-6.1.12.jar;C:\Users\91701\.m2\repository\org\springframework\data\spring-data-jdbc\3.3.3\spring-data-jdbc-3.3.3.jar;C:\Users\91701\.m2\repository\org\springframework\data\spring-data-relational\3.3.3\spring-data-relational-3.3.3.jar;C:\Users\91701\.m2\repository\org\springframework\data\spring-data-commons\3.3.3\spring-data-commons-3.3.3.jar;C:\Users\91701\.m2\repository\org\springframework\spring-tx\6.1.12\spring-tx-6.1.12.jar;C:\Users\91701\.m2\repository\org\slf4j\slf4j-api\2.0.16\slf4j-api-2.0.16.jar;C:\Users\91701\.m2\repository\org\springframework\boot\spring-boot-starter-data-jpa\3.3.3\spring-boot-starter-data-jpa-3.3.3.jar;C:\Users\91701\.m2\repository\org\springframework\boot\spring-boot-starter-aop\3.3.3\spring-boot-starter-aop-3.3.3.jar;C:\Users\91701\.m2\repository\org\aspectj\aspectjweaver\1.9.22.1\aspectjweaver-1.9.22.1.jar;C:\Users\91701\.m2\repository\org\hibernate\orm\hibernate-core\6.5.2.Final\hibernate-core-6.5.2.Final.jar;C:\Users\91701\.m2\repository\jakarta\persistence\jakarta.persistence-api\3.1.0\jakarta.persistence-api-3.1.0.jar;C:\Users\91701\.m2\repository\jakarta\transaction\jakarta.transaction-api\2.0.1\jakarta.transaction-api-2.0.1.jar;C:\Users\91701\.m2\repository\org\jboss\logging\jboss-logging\3.5.3.Final\jboss-logging-3.5.3.Final.jar;C:\Users\91701\.m2\repository\org\hibernate\common\hibernate-commons-annotations\6.0.6.Final\hibernate-commons-annotations-6.0.6.Final.jar;C:\Users\91701\.m2\repository\io\smallrye\jandex\3.1.2\jandex-3.1.2.jar;C:\Users\91701\.m2\repository\com\fasterxml\classmate\1.7.0\classmate-1.7.0.jar;C:\Users\91701\.m2\repository\net\bytebuddy\byte-buddy\1.14.19\byte-buddy-1.14.19.jar;C:\Users\91701\.m2\repository\org\glassfish\jaxb\jaxb-runtime\4.0.5\jaxb-runtime-4.0.5.jar;C:\Users\91701\.m2\repository\org\glassfish\jaxb\jaxb-core\4.0.5\jaxb-core-4.0.5.jar;C:\Users\91701\.m2\repository\org\eclipse\angus\angus-activation\2.0.2\angus-activation-2.0.2.jar;C:\Users\91701\.m2\repository\org\glassfish\jaxb\txw2\4.0.5\txw2-4.0.5.jar;C:\Users\91701\.m2\repository\com\sun\istack\istack-commons-runtime\4.1.2\istack-commons-runtime-4.1.2.jar;C:\Users\91701\.m2\repository\jakarta\inject\jakarta.inject-api\2.0.1\jakarta.inject-api-2.0.1.jar;C:\Users\91701\.m2\repository\org\antlr\antlr4-runtime\4.13.0\antlr4-runtime-4.13.0.jar;C:\Users\91701\.m2\repository\org\springframework\data\spring-data-jpa\3.3.3\spring-data-jpa-3.3.3.jar;C:\Users\91701\.m2\repository\org\springframework\spring-orm\6.1.12\spring-orm-6.1.12.jar;C:\Users\91701\.m2\repository\org\springframework\spring-aspects\6.1.12\spring-aspects-6.1.12.jar;C:\Users\91701\.m2\repository\org\springframework\boot\spring-boot-starter-web\3.3.3\spring-boot-starter-web-3.3.3.jar;C:\Users\91701\.m2\repository\org\springframework\boot\spring-boot-starter-json\3.3.3\spring-boot-starter-json-3.3.3.jar;C:\Users\91701\.m2\repository\com\fasterxml\jackson\core\jackson-databind\2.17.2\jackson-databind-2.17.2.jar;C:\Users\91701\.m2\repository\com\fasterxml\jackson\core\jackson-annotations\2.17.2\jackson-annotations-2.17.2.jar;C:\Users\91701\.m2\repository\com\fasterxml\jackson\core\jackson-core\2.17.2\jackson-core-2.17.2.jar;C:\Users\91701\.m2\repository\com\fasterxml\jackson\datatype\jackson-datatype-jdk8\2.17.2\jackson-datatype-jdk8-2.17.2.jar;C:\Users\91701\.m2\repository\com\fasterxml\jackson\datatype\jackson-datatype-jsr310\2.17.2\jackson-datatype-jsr310-2.17.2.jar;C:\Users\91701\.m2\repository\com\fasterxml\jackson\module\jackson-module-parameter-names\2.17.2\jackson-module-parameter-names-2.17.2.jar;C:\Users\91701\.m2\repository\org\springframework\boot\spring-boot-starter-tomcat\3.3.3\spring-boot-starter-tomcat-3.3.3.jar;C:\Users\91701\.m2\repository\org\apache\tomcat\embed\tomcat-embed-core\10.1.28\tomcat-embed-core-10.1.28.jar;C:\Users\91701\.m2\repository\org\apache\tomcat\embed\tomcat-embed-el\10.1.28\tomcat-embed-el-10.1.28.jar;C:\Users\91701\.m2\repository\org\apache\tomcat\embed\tomcat-embed-websocket\10.1.28\tomcat-embed-websocket-10.1.28.jar;C:\Users\91701\.m2\repository\org\springframework\spring-web\6.1.12\spring-web-6.1.12.jar;C:\Users\91701\.m2\repository\io\micrometer\micrometer-observation\1.13.3\micrometer-observation-1.13.3.jar;C:\Users\91701\.m2\repository\io\micrometer\micrometer-commons\1.13.3\micrometer-commons-1.13.3.jar;C:\Users\91701\.m2\repository\org\springframework\spring-webmvc\6.1.12\spring-webmvc-6.1.12.jar;C:\Users\91701\.m2\repository\org\springframework\boot\spring-boot-devtools\3.3.3\spring-boot-devtools-3.3.3.jar;C:\Users\91701\.m2\repository\org\springframework\boot\spring-boot\3.3.3\spring-boot-3.3.3.jar;C:\Users\91701\.m2\repository\org\springframework\boot\spring-boot-autoconfigure\3.3.3\spring-boot-autoconfigure-3.3.3.jar;C:\Users\91701\.m2\repository\com\mysql\mysql-connector-j\8.3.0\mysql-connector-j-8.3.0.jar;C:\Users\91701\.m2\repository\jakarta\xml\bind\jakarta.xml.bind-api\4.0.2\jakarta.xml.bind-api-4.0.2.jar;C:\Users\91701\.m2\repository\jakarta\activation\jakarta.activation-api\2.1.3\jakarta.activation-api-2.1.3.jar;C:\Users\91701\.m2\repository\org\springframework\spring-core\6.1.12\spring-core-6.1.12.jar;C:\Users\91701\.m2\repository\org\springframework\spring-jcl\6.1.12\spring-jcl-6.1.12.jar
Launcher Type: SUN_STANDARD

[Global flags]
     intx CICompilerCount                          = 3                                         {product} {ergonomic}
     uint ConcGCThreads                            = 1                                         {product} {ergonomic}
     uint G1ConcRefinementThreads                  = 4                                         {product} {ergonomic}
   size_t G1HeapRegionSize                         = 1048576                                   {product} {ergonomic}
    uintx GCDrainStackTargetSize                   = 64                                        {product} {ergonomic}
   size_t InitialHeapSize                          = 130023424                                 {product} {ergonomic}
     bool ManagementServer                         = true                                      {product} {command line}
   size_t MarkStackSize                            = 4194304                                   {product} {ergonomic}
   size_t MaxHeapSize                              = 2078277632                                {product} {ergonomic}
   size_t MaxNewSize                               = 1246756864                                {product} {ergonomic}
   size_t MinHeapDeltaBytes                        = 1048576                                   {product} {ergonomic}
   size_t MinHeapSize                              = 8388608                                   {product} {ergonomic}
    uintx NonProfiledCodeHeapSize                  = 0                                      {pd product} {ergonomic}
     bool ProfileInterpreter                       = false                                  {pd product} {command line}
    uintx ProfiledCodeHeapSize                     = 0                                      {pd product} {ergonomic}
   size_t SoftMaxHeapSize                          = 2078277632                             {manageable} {ergonomic}
     intx TieredStopAtLevel                        = 1                                         {product} {command line}
     bool UseCompressedClassPointers               = true                           {product lp64_product} {ergonomic}
     bool UseCompressedOops                        = true                           {product lp64_product} {ergonomic}
     bool UseG1GC                                  = true                                      {product} {ergonomic}
     bool UseLargePagesIndividualAllocation        = false                                  {pd product} {ergonomic}

Logging:
Log output configuration:
 #0: stdout all=warning uptime,level,tags foldmultilines=false
 #1: stderr all=off uptime,level,tags foldmultilines=false

Environment Variables:
JAVA_HOME=C:\Program Files\Java\jdk-23\bin
PATH=C:\Program Files\Common Files\Oracle\Java\javapath;C:\Program Files (x86)\Common Files\Oracle\Java\java8path;C:\Program Files (x86)\Common Files\Oracle\Java\javapath;C:\WINDOWS\system32;C:\WINDOWS;C:\WINDOWS\System32\Wbem;C:\WINDOWS\System32\WindowsPowerShell\v1.0\;C:\WINDOWS\System32\OpenSSH\;C:\Program Files\dotnet\;C:\MinGW\bin;C:\Program Files\Git\cmd;D:\apache-maven-3.9.6-bin\apache-maven-3.9.6\bin;C:\Program Files\nodejs\;C:\Users\91701\AppData\Local\Programs\Python\Python311-32;C:\Users\91701\AppData\Local\Programs\Python\Python311-32\Scripts;C:\Program Files (x86)\Java\jre1.8.0_421\bin;C:\Program Files\MySQL\MySQL Shell 8.0\bin\;C:\Users\91701\AppData\Local\Microsoft\WindowsApps;C:\Program Files\JetBrains\CLion 2022.3.1\bin;;D:\flutter\bin;C:\Users\91701\AppData\Roaming\npm;C:\Users\91701\AppData\Local\Programs\Python\Python311-32;C:\Users\91701\AppData\Local\Programs\Python\Python311-32\Scripts;C:\Program Files\JetBrains\IntelliJ IDEA 2024.1.4\bin;;C:\Users\91701\AppData\Local\Programs\Microsoft VS Code\bin;C:\MinGW\bin;C:\Program Files\Java\jdk-23\bin;
USERNAME=DIVYAN_TM
OS=Windows_NT
PROCESSOR_IDENTIFIER=Intel64 Family 6 Model 140 Stepping 1, GenuineIntel
TMP=C:\Users\91701\AppData\Local\Temp
TEMP=C:\Users\91701\AppData\Local\Temp




---------------  S Y S T E M  ---------------

OS:
 Windows 11 , 64 bit Build 22621 (10.0.22621.3527)
OS uptime: 2 days 6:47 hours
Hyper-V role detected

CPU: total 4 (initial active 4) (2 cores per cpu, 2 threads per core) family 6 model 140 stepping 1 microcode 0xb4, cx8, cmov, fxsr, ht, mmx, 3dnowpref, sse, sse2, sse3, ssse3, sse4.1, sse4.2, popcnt, lzcnt, tsc, tscinvbit, avx, avx2, aes, erms, clmul, bmi1, bmi2, adx, avx512f, avx512dq, avx512cd, avx512bw, avx512vl, sha, fma, vzeroupper, avx512_vpopcntdq, avx512_vpclmulqdq, avx512_vaes, avx512_vnni, clflush, clflushopt, clwb, avx512_vbmi2, avx512_vbmi, hv, rdtscp, rdpid, fsrm, gfni, avx512_bitalg, f16c, cet_ibt, cet_ss, avx512_ifma

Memory: 4k page, system-wide physical 7926M (484M free)
TotalPageFile size 11656M (AvailPageFile size 9M)
current process WorkingSet (physical memory assigned to process): 213M, peak: 213M
current process commit charge ("private bytes"): 245M, peak: 255M

vm_info: OpenJDK 64-Bit Server VM (20.0.1+9-29) for windows-amd64 JRE (20.0.1+9-29), built on 2023-03-07T13:56:11Z by "mach5one" with MS VC++ 17.1 (VS2022)

END.
