#
# There is insufficient memory for the Java Runtime Environment to continue.
# Native memory allocation (mmap) failed to map 11534336 bytes for G1 virtual space
# Possible reasons:
#   The system is out of physical RAM or swap space
#   The process is running with CompressedOops enabled, and the Java Heap may be blocking the growth of the native heap
# Possible solutions:
#   Reduce memory load on the system
#   Increase physical memory or swap space
#   Check if swap backing store is full
#   Decrease Java heap size (-Xmx/-Xms)
#   Decrease number of Java threads
#   Decrease Java thread stack sizes (-Xss)
#   Set larger code cache with -XX:ReservedCodeCacheSize=
#   JVM is running with Unscaled Compressed Oops mode in which the Java heap is
#     placed in the first 4GB address space. The Java Heap base address is the
#     maximum limit for the native heap growth. Please use -XX:HeapBaseMinAddress
#     to set the Java Heap base and to place the Java Heap above 4GB virtual address.
# This output file may be truncated or incomplete.
#
#  Out of Memory Error (os_windows.cpp:3528), pid=8140, tid=1536
#
# JRE version: OpenJDK Runtime Environment (20.0.1+9) (build 20.0.1+9-29)
# Java VM: OpenJDK 64-Bit Server VM (20.0.1+9-29, mixed mode, emulated-client, sharing, tiered, compressed oops, compressed class ptrs, g1 gc, windows-amd64)
# No core dump will be written. Minidumps are not enabled by default on client versions of Windows
#

---------------  S U M M A R Y ------------

Command Line: -XX:TieredStopAtLevel=1 -Dspring.output.ansi.enabled=always -Dcom.sun.management.jmxremote -Dspring.jmx.enabled=true -Dspring.liveBeansView.mbeanDomain -Dspring.application.admin.enabled=true -Dmanagement.endpoints.jmx.exposure.include=* -javaagent:C:\Program Files\JetBrains\IntelliJ IDEA 2024.1.4\lib\idea_rt.jar=65245:C:\Program Files\JetBrains\IntelliJ IDEA 2024.1.4\bin -Dfile.encoding=UTF-8 -Dsun.stdout.encoding=UTF-8 -Dsun.stderr.encoding=UTF-8 com.divyan.ecommerce.ecommerce_backend.EcommerceBackendApplication

Host: 11th Gen Intel(R) Core(TM) i3-1115G4 @ 3.00GHz, 4 cores, 7G,  Windows 11 , 64 bit Build 22621 (10.0.22621.3527)
Time: Mon Oct 14 20:46:13 2024 Sri Lanka Standard Time elapsed time: 8.240677 seconds (0d 0h 0m 8s)

---------------  T H R E A D  ---------------

Current thread (0x00000193bb9ce5b0):  VMThread "VM Thread" [stack: 0x0000008121700000,0x0000008121800000] [id=1536]

Stack: [0x0000008121700000,0x0000008121800000]
Native frames: (J=compiled Java code, j=interpreted, Vv=VM code, C=native code)
V  [jvm.dll+0x6bb95a]
V  [jvm.dll+0x8485fa]
V  [jvm.dll+0x84a1f5]
V  [jvm.dll+0x84a8f3]
V  [jvm.dll+0x280b0f]
V  [jvm.dll+0x6b86e9]
V  [jvm.dll+0x6ad2da]
V  [jvm.dll+0x35adf5]
V  [jvm.dll+0x363016]
V  [jvm.dll+0x3b3b3e]
V  [jvm.dll+0x3b3dc5]
V  [jvm.dll+0x32b50a]
V  [jvm.dll+0x32b5b7]
V  [jvm.dll+0x373942]
V  [jvm.dll+0x372140]
V  [jvm.dll+0x32ac51]
V  [jvm.dll+0x371836]
V  [jvm.dll+0x85023e]
V  [jvm.dll+0x851351]
V  [jvm.dll+0x851859]
V  [jvm.dll+0x851ad3]
V  [jvm.dll+0x7f4b56]
V  [jvm.dll+0x6ba5cb]
C  [ucrtbase.dll+0x29333]
C  [KERNEL32.DLL+0x1257d]
C  [ntdll.dll+0x5aa48]

VM_Operation (0x0000008122af81f0): G1CollectForAllocation, mode: safepoint, requested by thread 0x00000193c063a6f0


---------------  P R O C E S S  ---------------

Threads class SMR info:
_java_thread_list=0x00000193c27858c0, length=24, elements={
0x00000193a9bddf40, 0x00000193bb9f0890, 0x00000193bb9f1490, 0x00000193bb9f4270,
0x00000193bb9f4f60, 0x00000193bb9f92f0, 0x00000193bb9f9e50, 0x00000193bb9fb020,
0x00000193bfc970f0, 0x00000193bfca2640, 0x00000193c001ff20, 0x00000193c0020470,
0x00000193c01c9980, 0x00000193c0213ca0, 0x00000193c064fcc0, 0x00000193c063a6f0,
0x00000193c0db7ce0, 0x00000193c07e6270, 0x00000193c11c9af0, 0x00000193c11ca040,
0x00000193c11ca590, 0x00000193c11c9050, 0x00000193c11c95a0, 0x00000193c11c7070
}

Java Threads: ( => current thread )
  0x00000193a9bddf40 JavaThread "main" [_thread_blocked, id=20156, stack(0x0000008121100000,0x0000008121200000)]
  0x00000193bb9f0890 JavaThread "Reference Handler" daemon [_thread_blocked, id=11004, stack(0x0000008121800000,0x0000008121900000)]
  0x00000193bb9f1490 JavaThread "Finalizer" daemon [_thread_blocked, id=19060, stack(0x0000008121900000,0x0000008121a00000)]
  0x00000193bb9f4270 JavaThread "Signal Dispatcher" daemon [_thread_blocked, id=10920, stack(0x0000008121a00000,0x0000008121b00000)]
  0x00000193bb9f4f60 JavaThread "Attach Listener" daemon [_thread_blocked, id=11968, stack(0x0000008121b00000,0x0000008121c00000)]
  0x00000193bb9f92f0 JavaThread "Service Thread" daemon [_thread_blocked, id=5640, stack(0x0000008121c00000,0x0000008121d00000)]
  0x00000193bb9f9e50 JavaThread "Monitor Deflation Thread" daemon [_thread_blocked, id=16004, stack(0x0000008121d00000,0x0000008121e00000)]
  0x00000193bb9fb020 JavaThread "C1 CompilerThread0" daemon [_thread_blocked, id=13520, stack(0x0000008121e00000,0x0000008121f00000)]
  0x00000193bfc970f0 JavaThread "Common-Cleaner" daemon [_thread_blocked, id=3276, stack(0x0000008121f00000,0x0000008122000000)]
  0x00000193bfca2640 JavaThread "C1 CompilerThread1" daemon [_thread_blocked, id=5004, stack(0x0000008122000000,0x0000008122100000)]
  0x00000193c001ff20 JavaThread "Monitor Ctrl-Break" daemon [_thread_in_native, id=9084, stack(0x0000008122100000,0x0000008122200000)]
  0x00000193c0020470 JavaThread "Notification Thread" daemon [_thread_blocked, id=9276, stack(0x0000008122200000,0x0000008122300000)]
  0x00000193c01c9980 JavaThread "C1 CompilerThread2" daemon [_thread_blocked, id=8072, stack(0x0000008122300000,0x0000008122400000)]
  0x00000193c0213ca0 JavaThread "RMI TCP Accept-0" daemon [_thread_in_native, id=18732, stack(0x0000008122400000,0x0000008122500000)]
  0x00000193c064fcc0 JavaThread "Thread-0" [_thread_blocked, id=4544, stack(0x0000008122900000,0x0000008122a00000)]
  0x00000193c063a6f0 JavaThread "restartedMain" [_thread_blocked, id=2312, stack(0x0000008122a00000,0x0000008122b00000)]
  0x00000193c0db7ce0 JavaThread "RMI TCP Connection(1)-192.168.156.225" daemon [_thread_in_native, id=4472, stack(0x0000008122b00000,0x0000008122c00000)]
  0x00000193c07e6270 JavaThread "RMI Scheduler(0)" daemon [_thread_blocked, id=1132, stack(0x0000008122d00000,0x0000008122e00000)]
  0x00000193c11c9af0 JavaThread "Catalina-utility-1" [_thread_blocked, id=19488, stack(0x0000008122c00000,0x0000008122d00000)]
  0x00000193c11ca040 JavaThread "Catalina-utility-2" [_thread_blocked, id=13168, stack(0x0000008122e00000,0x0000008122f00000)]
  0x00000193c11ca590 JavaThread "container-0" [_thread_blocked, id=13040, stack(0x0000008122f00000,0x0000008123000000)]
  0x00000193c11c9050 JavaThread "mysql-cj-abandoned-connection-cleanup" daemon [_thread_blocked, id=7320, stack(0x0000008123000000,0x0000008123100000)]
  0x00000193c11c95a0 JavaThread "HikariPool-1 housekeeper" daemon [_thread_blocked, id=5000, stack(0x0000008123200000,0x0000008123300000)]
  0x00000193c11c7070 JavaThread "HikariPool-1 connection adder" daemon [_thread_blocked, id=7900, stack(0x0000008123300000,0x0000008123400000)]

Other Threads:
=>0x00000193bb9ce5b0 VMThread "VM Thread" [stack: 0x0000008121700000,0x0000008121800000] [id=1536]
  0x00000193bfda9b10 WatcherThread "VM Periodic Task Thread" [stack: 0x0000008122800000,0x0000008122900000] [id=20444]
  0x00000193a9c3b300 WorkerThread "GC Thread#0" [stack: 0x0000008121200000,0x0000008121300000] [id=12012]
  0x00000193c026ae40 WorkerThread "GC Thread#1" [stack: 0x0000008122500000,0x0000008122600000] [id=19640]
  0x00000193c0282a60 WorkerThread "GC Thread#2" [stack: 0x0000008122600000,0x0000008122700000] [id=1440]
  0x00000193c0282d30 WorkerThread "GC Thread#3" [stack: 0x0000008122700000,0x0000008122800000] [id=10484]
  0x00000193a9c4bb70 ConcurrentGCThread "G1 Main Marker" [stack: 0x0000008121300000,0x0000008121400000] [id=12188]
  0x00000193a9c4c5a0 WorkerThread "G1 Conc#0" [stack: 0x0000008121400000,0x0000008121500000] [id=14312]
  0x00000193a9c8e7f0 ConcurrentGCThread "G1 Refine#0" [stack: 0x0000008121500000,0x0000008121600000] [id=14748]
  0x00000193bb88f480 ConcurrentGCThread "G1 Service" [stack: 0x0000008121600000,0x0000008121700000] [id=7772]

Threads with active compile tasks:

VM state: at safepoint (normal execution)

VM Mutex/Monitor currently owned by a thread:  ([mutex/lock_event])
[0x00000193a9bd9030] Threads_lock - owner thread: 0x00000193bb9ce5b0
[0x00000193a9bd8a90] Heap_lock - owner thread: 0x00000193c063a6f0

Heap address: 0x0000000084200000, size: 1982 MB, Compressed Oops mode: 32-bit

CDS archive(s) mapped at: [0x0000000800000000-0x0000000800c60000-0x0000000800c60000), size 12976128, SharedBaseAddress: 0x0000000800000000, ArchiveRelocationMode: 0.
Compressed class space mapped at: 0x0000000801000000-0x0000000841000000, reserved size: 1073741824
Narrow klass base: 0x0000000800000000, Narrow klass shift: 0, Narrow klass range: 0x100000000

GC Precious Log:
 CardTable entry size: 512
 Card Set container configuration: InlinePtr #cards 5 size 8 Array Of Cards #cards 12 size 40 Howl #buckets 4 coarsen threshold 1843 Howl Bitmap #cards 512 size 80 coarsen threshold 460 Card regions per heap region 1 cards per card region 2048
 CPUs: 4 total, 4 available
 Memory: 7926M
 Large Page Support: Disabled
 NUMA Support: Disabled
 Compressed Oops: Enabled (32-bit)
 Heap Region Size: 1M
 Heap Min Capacity: 8M
 Heap Initial Capacity: 124M
 Heap Max Capacity: 1982M
 Pre-touch: Disabled
 Parallel Workers: 4
 Concurrent Workers: 1
 Concurrent Refinement Workers: 4
 Periodic GC: Disabled

Heap:
 garbage-first heap   total 67584K, used 31461K [0x0000000084200000, 0x0000000100000000)
  region size 1024K, 4 young (4096K), 4 survivors (4096K)
 Metaspace       used 67015K, committed 67776K, reserved 1114112K
  class space    used 9403K, committed 9728K, reserved 1048576K

Heap Regions: E=young(eden), S=young(survivor), O=old, HS=humongous(starts), HC=humongous(continues), CS=collection set, F=free, OA=open archive, CA=closed archive, TAMS=top-at-mark-start, PB=parsable bottom
|   0|0x0000000084200000, 0x0000000084300000, 0x0000000084300000|100%|HS|  |TAMS 0x0000000084200000| PB 0x0000000084200000| Complete 
|   1|0x0000000084300000, 0x0000000084400000, 0x0000000084400000|100%| O|  |TAMS 0x0000000084300000| PB 0x0000000084300000| Untracked 
|   2|0x0000000084400000, 0x0000000084500000, 0x0000000084500000|100%| O|  |TAMS 0x0000000084400000| PB 0x0000000084400000| Untracked 
|   3|0x0000000084500000, 0x0000000084600000, 0x0000000084600000|100%| O|  |TAMS 0x0000000084500000| PB 0x0000000084500000| Untracked 
|   4|0x0000000084600000, 0x0000000084700000, 0x0000000084700000|100%| O|  |TAMS 0x0000000084600000| PB 0x0000000084600000| Untracked 
|   5|0x0000000084700000, 0x0000000084800000, 0x0000000084800000|100%| O|  |TAMS 0x0000000084700000| PB 0x0000000084700000| Untracked 
|   6|0x0000000084800000, 0x0000000084900000, 0x0000000084900000|100%| O|  |TAMS 0x0000000084800000| PB 0x0000000084800000| Untracked 
|   7|0x0000000084900000, 0x0000000084a00000, 0x0000000084a00000|100%| O|  |TAMS 0x0000000084900000| PB 0x0000000084900000| Untracked 
|   8|0x0000000084a00000, 0x0000000084b00000, 0x0000000084b00000|100%| O|  |TAMS 0x0000000084a00000| PB 0x0000000084a00000| Untracked 
|   9|0x0000000084b00000, 0x0000000084c00000, 0x0000000084c00000|100%| O|  |TAMS 0x0000000084b00000| PB 0x0000000084b00000| Untracked 
|  10|0x0000000084c00000, 0x0000000084d00000, 0x0000000084d00000|100%| O|  |TAMS 0x0000000084c00000| PB 0x0000000084c00000| Untracked 
|  11|0x0000000084d00000, 0x0000000084e00000, 0x0000000084e00000|100%| O|  |TAMS 0x0000000084d00000| PB 0x0000000084d00000| Untracked 
|  12|0x0000000084e00000, 0x0000000084f00000, 0x0000000084f00000|100%| O|  |TAMS 0x0000000084e00000| PB 0x0000000084e00000| Untracked 
|  13|0x0000000084f00000, 0x0000000085000000, 0x0000000085000000|100%| O|  |TAMS 0x0000000084f00000| PB 0x0000000084f00000| Untracked 
|  14|0x0000000085000000, 0x0000000085100000, 0x0000000085100000|100%| O|  |TAMS 0x0000000085000000| PB 0x0000000085000000| Untracked 
|  15|0x0000000085100000, 0x0000000085200000, 0x0000000085200000|100%| O|  |TAMS 0x0000000085100000| PB 0x0000000085100000| Untracked 
|  16|0x0000000085200000, 0x0000000085300000, 0x0000000085300000|100%| O|  |TAMS 0x0000000085200000| PB 0x0000000085200000| Untracked 
|  17|0x0000000085300000, 0x0000000085300000, 0x0000000085400000|  0%| F|  |TAMS 0x0000000085300000| PB 0x0000000085300000| Untracked 
|  18|0x0000000085400000, 0x0000000085500000, 0x0000000085500000|100%| O|  |TAMS 0x0000000085400000| PB 0x0000000085400000| Untracked 
|  19|0x0000000085500000, 0x0000000085600000, 0x0000000085600000|100%| O|  |TAMS 0x0000000085500000| PB 0x0000000085500000| Untracked 
|  20|0x0000000085600000, 0x0000000085700000, 0x0000000085700000|100%| O|  |TAMS 0x0000000085600000| PB 0x0000000085600000| Untracked 
|  21|0x0000000085700000, 0x0000000085800000, 0x0000000085800000|100%| O|  |TAMS 0x0000000085700000| PB 0x0000000085700000| Untracked 
|  22|0x0000000085800000, 0x0000000085900000, 0x0000000085900000|100%| O|  |TAMS 0x0000000085800000| PB 0x0000000085800000| Untracked 
|  23|0x0000000085900000, 0x0000000085900000, 0x0000000085a00000|  0%| F|  |TAMS 0x0000000085900000| PB 0x0000000085900000| Untracked 
|  24|0x0000000085a00000, 0x0000000085a00000, 0x0000000085b00000|  0%| F|  |TAMS 0x0000000085a00000| PB 0x0000000085a00000| Untracked 
|  25|0x0000000085b00000, 0x0000000085b00000, 0x0000000085c00000|  0%| F|  |TAMS 0x0000000085b00000| PB 0x0000000085b00000| Untracked 
|  26|0x0000000085c00000, 0x0000000085c00000, 0x0000000085d00000|  0%| F|  |TAMS 0x0000000085c00000| PB 0x0000000085c00000| Untracked 
|  27|0x0000000085d00000, 0x0000000085e00000, 0x0000000085e00000|100%| O|  |TAMS 0x0000000085d00000| PB 0x0000000085d00000| Untracked 
|  28|0x0000000085e00000, 0x0000000085f00000, 0x0000000085f00000|100%| O|  |TAMS 0x0000000085e00000| PB 0x0000000085e00000| Untracked 
|  29|0x0000000085f00000, 0x0000000085f00000, 0x0000000086000000|  0%| F|  |TAMS 0x0000000085f00000| PB 0x0000000085f00000| Untracked 
|  30|0x0000000086000000, 0x0000000086100000, 0x0000000086100000|100%| O|  |TAMS 0x0000000086000000| PB 0x0000000086000000| Untracked 
|  31|0x0000000086100000, 0x0000000086200000, 0x0000000086200000|100%| O|  |TAMS 0x0000000086100000| PB 0x0000000086100000| Untracked 
|  32|0x0000000086200000, 0x0000000086300000, 0x0000000086300000|100%| O|  |TAMS 0x0000000086200000| PB 0x0000000086200000| Untracked 
|  33|0x0000000086300000, 0x0000000086382600, 0x0000000086400000| 50%| O|  |TAMS 0x0000000086300000| PB 0x0000000086300000| Untracked 
|  34|0x0000000086400000, 0x0000000086500000, 0x0000000086500000|100%| S|CS|TAMS 0x0000000086400000| PB 0x0000000086400000| Complete 
|  35|0x0000000086500000, 0x0000000086600000, 0x0000000086600000|100%| S|CS|TAMS 0x0000000086500000| PB 0x0000000086500000| Complete 
|  36|0x0000000086600000, 0x0000000086700000, 0x0000000086700000|100%| S|CS|TAMS 0x0000000086600000| PB 0x0000000086600000| Complete 
|  37|0x0000000086700000, 0x0000000086700000, 0x0000000086800000|  0%| F|  |TAMS 0x0000000086700000| PB 0x0000000086700000| Untracked 
|  38|0x0000000086800000, 0x0000000086800000, 0x0000000086900000|  0%| F|  |TAMS 0x0000000086800000| PB 0x0000000086800000| Untracked 
|  39|0x0000000086900000, 0x0000000086900000, 0x0000000086a00000|  0%| F|  |TAMS 0x0000000086900000| PB 0x0000000086900000| Untracked 
|  40|0x0000000086a00000, 0x0000000086a00000, 0x0000000086b00000|  0%| F|  |TAMS 0x0000000086a00000| PB 0x0000000086a00000| Untracked 
|  41|0x0000000086b00000, 0x0000000086b00000, 0x0000000086c00000|  0%| F|  |TAMS 0x0000000086b00000| PB 0x0000000086b00000| Untracked 
|  42|0x0000000086c00000, 0x0000000086c00000, 0x0000000086d00000|  0%| F|  |TAMS 0x0000000086c00000| PB 0x0000000086c00000| Untracked 
|  43|0x0000000086d00000, 0x0000000086d00000, 0x0000000086e00000|  0%| F|  |TAMS 0x0000000086d00000| PB 0x0000000086d00000| Untracked 
|  44|0x0000000086e00000, 0x0000000086e00000, 0x0000000086f00000|  0%| F|  |TAMS 0x0000000086e00000| PB 0x0000000086e00000| Untracked 
|  45|0x0000000086f00000, 0x0000000086f00000, 0x0000000087000000|  0%| F|  |TAMS 0x0000000086f00000| PB 0x0000000086f00000| Untracked 
|  46|0x0000000087000000, 0x0000000087000000, 0x0000000087100000|  0%| F|  |TAMS 0x0000000087000000| PB 0x0000000087000000| Untracked 
|  47|0x0000000087100000, 0x0000000087100000, 0x0000000087200000|  0%| F|  |TAMS 0x0000000087100000| PB 0x0000000087100000| Untracked 
|  48|0x0000000087200000, 0x0000000087200000, 0x0000000087300000|  0%| F|  |TAMS 0x0000000087200000| PB 0x0000000087200000| Untracked 
|  49|0x0000000087300000, 0x0000000087300000, 0x0000000087400000|  0%| F|  |TAMS 0x0000000087300000| PB 0x0000000087300000| Untracked 
|  50|0x0000000087400000, 0x0000000087400000, 0x0000000087500000|  0%| F|  |TAMS 0x0000000087400000| PB 0x0000000087400000| Untracked 
|  51|0x0000000087500000, 0x0000000087500000, 0x0000000087600000|  0%| F|  |TAMS 0x0000000087500000| PB 0x0000000087500000| Untracked 
|  52|0x0000000087600000, 0x0000000087600000, 0x0000000087700000|  0%| F|  |TAMS 0x0000000087600000| PB 0x0000000087600000| Untracked 
|  53|0x0000000087700000, 0x0000000087700000, 0x0000000087800000|  0%| F|  |TAMS 0x0000000087700000| PB 0x0000000087700000| Untracked 
|  54|0x0000000087800000, 0x0000000087800000, 0x0000000087900000|  0%| F|  |TAMS 0x0000000087800000| PB 0x0000000087800000| Untracked 
|  55|0x0000000087900000, 0x0000000087900000, 0x0000000087a00000|  0%| F|  |TAMS 0x0000000087900000| PB 0x0000000087900000| Untracked 
|  56|0x0000000087a00000, 0x0000000087a36f28, 0x0000000087b00000| 21%| S|CS|TAMS 0x0000000087a00000| PB 0x0000000087a00000| Complete 
|  68|0x0000000088600000, 0x0000000088600000, 0x0000000088700000|  0%| F|  |TAMS 0x0000000088600000| PB 0x0000000088600000| Untracked 
|  69|0x0000000088700000, 0x0000000088700000, 0x0000000088800000|  0%| F|  |TAMS 0x0000000088700000| PB 0x0000000088700000| Untracked 
|  70|0x0000000088800000, 0x0000000088800000, 0x0000000088900000|  0%| F|  |TAMS 0x0000000088800000| PB 0x0000000088800000| Untracked 
|  71|0x0000000088900000, 0x0000000088900000, 0x0000000088a00000|  0%| F|  |TAMS 0x0000000088900000| PB 0x0000000088900000| Untracked 
|  72|0x0000000088a00000, 0x0000000088a00000, 0x0000000088b00000|  0%| F|  |TAMS 0x0000000088a00000| PB 0x0000000088a00000| Untracked 
|  73|0x0000000088b00000, 0x0000000088b00000, 0x0000000088c00000|  0%| F|  |TAMS 0x0000000088b00000| PB 0x0000000088b00000| Untracked 
|  74|0x0000000088c00000, 0x0000000088c00000, 0x0000000088d00000|  0%| F|  |TAMS 0x0000000088c00000| PB 0x0000000088c00000| Untracked 
|  75|0x0000000088d00000, 0x0000000088d00000, 0x0000000088e00000|  0%| F|  |TAMS 0x0000000088d00000| PB 0x0000000088d00000| Untracked 
| 123|0x000000008bd00000, 0x000000008bd00000, 0x000000008be00000|  0%| F|  |TAMS 0x000000008bd00000| PB 0x000000008bd00000| Untracked 

Card table byte_map: [0x00000193b6d00000,0x00000193b70e0000] _byte_map_base: 0x00000193b68df000

Marking Bits: (CMBitMap*) 0x00000193a9c3b930
 Bits: [0x00000193b74c0000, 0x00000193b93b8000)

Polling page: 0x00000193a9c90000

Metaspace:

Usage:
  Non-class:     56.26 MB used.
      Class:      9.18 MB used.
       Both:     65.45 MB used.

Virtual space:
  Non-class space:       64.00 MB reserved,      56.69 MB ( 89%) committed,  1 nodes.
      Class space:        1.00 GB reserved,       9.50 MB ( <1%) committed,  1 nodes.
             Both:        1.06 GB reserved,      66.19 MB (  6%) committed. 

Chunk freelists:
   Non-Class:  3.22 MB
       Class:  2.50 MB
        Both:  5.72 MB

MaxMetaspaceSize: unlimited
CompressedClassSpaceSize: 1.00 GB
Initial GC threshold: 21.00 MB
Current GC threshold: 97.81 MB
CDS: on
MetaspaceReclaimPolicy: balanced
 - commit_granule_bytes: 65536.
 - commit_granule_words: 8192.
 - virtual_space_node_default_size: 8388608.
 - enlarge_chunks_in_place: 1.
 - new_chunks_are_fully_committed: 0.
 - uncommit_free_chunks: 1.
 - use_allocation_guard: 0.


Internal statistics:

num_allocs_failed_limit: 6.
num_arena_births: 1058.
num_arena_deaths: 0.
num_vsnodes_births: 2.
num_vsnodes_deaths: 0.
num_space_committed: 1059.
num_space_uncommitted: 0.
num_chunks_returned_to_freelist: 6.
num_chunks_taken_from_freelist: 3445.
num_chunk_merges: 6.
num_chunk_splits: 2463.
num_chunks_enlarged: 1872.
num_inconsistent_stats: 0.

CodeCache: size=49152Kb used=12495Kb max_used=12495Kb free=36656Kb
 bounds [0x00000193b3480000, 0x00000193b40c0000, 0x00000193b6480000]
 total_blobs=6978 nmethods=6254 adapters=647
 compilation: enabled
              stopped_count=0, restarted_count=0
 full_count=0

Compilation events (20 events):
Event: 8.211 Thread 0x00000193c01c9980 nmethod 6316 0x00000193b40af990 code [0x00000193b40afb40, 0x00000193b40afce8]
Event: 8.211 Thread 0x00000193bfca2640 nmethod 6317 0x00000193b40afd90 code [0x00000193b40aff60, 0x00000193b40b0188]
Event: 8.211 Thread 0x00000193c01c9980 6319       1       org.springframework.boot.ansi.AnsiOutput::buildEnabled (127 bytes)
Event: 8.211 Thread 0x00000193bb9fb020 6318       1       org.springframework.boot.ansi.AnsiOutput::isEnabled (46 bytes)
Event: 8.211 Thread 0x00000193bfca2640 6320       1       ch.qos.logback.core.pattern.CompositeConverter::convert (43 bytes)
Event: 8.211 Thread 0x00000193bb9fb020 nmethod 6318 0x00000193b40b0310 code [0x00000193b40b04c0, 0x00000193b40b0690]
Event: 8.211 Thread 0x00000193bb9fb020 6321       1       org.springframework.boot.logging.logback.ColorConverter::transform (10 bytes)
Event: 8.212 Thread 0x00000193bb9fb020 nmethod 6321 0x00000193b40b0790 code [0x00000193b40b0920, 0x00000193b40b0a58]
Event: 8.212 Thread 0x00000193bb9fb020 6322       1       org.springframework.boot.logging.logback.ColorConverter::transform (60 bytes)
Event: 8.212 Thread 0x00000193bfca2640 nmethod 6320 0x00000193b40b0b10 code [0x00000193b40b0ce0, 0x00000193b40b0fb8]
Event: 8.212 Thread 0x00000193c01c9980 nmethod 6319 0x00000193b40b1190 code [0x00000193b40b1380, 0x00000193b40b1710]
Event: 8.212 Thread 0x00000193bfca2640 6323       1       org.springframework.boot.logging.logback.ColorConverter::toAnsiString (16 bytes)
Event: 8.212 Thread 0x00000193bfca2640 nmethod 6323 0x00000193b40b1a10 code [0x00000193b40b1be0, 0x00000193b40b2080]
Event: 8.212 Thread 0x00000193bb9fb020 nmethod 6322 0x00000193b40b2290 code [0x00000193b40b24a0, 0x00000193b40b2a38]
Event: 8.213 Thread 0x00000193c01c9980 6324   !   1       org.springframework.orm.jpa.support.PersistenceAnnotationBeanPostProcessor::postProcessProperties (40 bytes)
Event: 8.213 Thread 0x00000193bfca2640 6325   !   1       org.springframework.context.annotation.CommonAnnotationBeanPostProcessor::postProcessProperties (40 bytes)
Event: 8.213 Thread 0x00000193c01c9980 nmethod 6324 0x00000193b40b2d10 code [0x00000193b40b2ec0, 0x00000193b40b30d8]
Event: 8.213 Thread 0x00000193bfca2640 nmethod 6325 0x00000193b40b3210 code [0x00000193b40b33c0, 0x00000193b40b35d8]
Event: 8.214 Thread 0x00000193bfca2640 6326   !   1       org.springframework.beans.factory.annotation.AutowiredAnnotationBeanPostProcessor::postProcessProperties (46 bytes)
Event: 8.214 Thread 0x00000193bfca2640 nmethod 6326 0x00000193b40b3710 code [0x00000193b40b38c0, 0x00000193b40b3af8]

GC Heap History (20 events):
Event: 2.432 GC heap after
{Heap after GC invocations=3 (full 0):
 garbage-first heap   total 126976K, used 9980K [0x0000000084200000, 0x0000000100000000)
  region size 1024K, 4 young (4096K), 4 survivors (4096K)
 Metaspace       used 14123K, committed 14464K, reserved 1114112K
  class space    used 1842K, committed 1984K, reserved 1048576K
}
Event: 3.294 GC heap before
{Heap before GC invocations=3 (full 0):
 garbage-first heap   total 126976K, used 52988K [0x0000000084200000, 0x0000000100000000)
  region size 1024K, 48 young (49152K), 4 survivors (4096K)
 Metaspace       used 20865K, committed 21312K, reserved 1114112K
  class space    used 2748K, committed 2944K, reserved 1048576K
}
Event: 3.316 GC heap after
{Heap after GC invocations=4 (full 0):
 garbage-first heap   total 126976K, used 14234K [0x0000000084200000, 0x0000000100000000)
  region size 1024K, 8 young (8192K), 8 survivors (8192K)
 Metaspace       used 20865K, committed 21312K, reserved 1114112K
  class space    used 2748K, committed 2944K, reserved 1048576K
}
Event: 3.799 GC heap before
{Heap before GC invocations=5 (full 0):
 garbage-first heap   total 55296K, used 38810K [0x0000000084200000, 0x0000000100000000)
  region size 1024K, 32 young (32768K), 8 survivors (8192K)
 Metaspace       used 23741K, committed 24128K, reserved 1114112K
  class space    used 3183K, committed 3328K, reserved 1048576K
}
Event: 3.814 GC heap after
{Heap after GC invocations=6 (full 0):
 garbage-first heap   total 55296K, used 15332K [0x0000000084200000, 0x0000000100000000)
  region size 1024K, 2 young (2048K), 2 survivors (2048K)
 Metaspace       used 23741K, committed 24128K, reserved 1114112K
  class space    used 3183K, committed 3328K, reserved 1048576K
}
Event: 4.432 GC heap before
{Heap before GC invocations=6 (full 0):
 garbage-first heap   total 55296K, used 42980K [0x0000000084200000, 0x0000000100000000)
  region size 1024K, 29 young (29696K), 2 survivors (2048K)
 Metaspace       used 28099K, committed 28672K, reserved 1114112K
  class space    used 3848K, committed 4096K, reserved 1048576K
}
Event: 4.441 GC heap after
{Heap after GC invocations=7 (full 0):
 garbage-first heap   total 55296K, used 17761K [0x0000000084200000, 0x0000000100000000)
  region size 1024K, 4 young (4096K), 4 survivors (4096K)
 Metaspace       used 28099K, committed 28672K, reserved 1114112K
  class space    used 3848K, committed 4096K, reserved 1048576K
}
Event: 4.914 GC heap before
{Heap before GC invocations=7 (full 0):
 garbage-first heap   total 55296K, used 43361K [0x0000000084200000, 0x0000000100000000)
  region size 1024K, 30 young (30720K), 4 survivors (4096K)
 Metaspace       used 32259K, committed 32896K, reserved 1114112K
  class space    used 4400K, committed 4672K, reserved 1048576K
}
Event: 4.926 GC heap after
{Heap after GC invocations=8 (full 0):
 garbage-first heap   total 66560K, used 19788K [0x0000000084200000, 0x0000000100000000)
  region size 1024K, 2 young (2048K), 2 survivors (2048K)
 Metaspace       used 32259K, committed 32896K, reserved 1114112K
  class space    used 4400K, committed 4672K, reserved 1048576K
}
Event: 5.134 GC heap before
{Heap before GC invocations=8 (full 0):
 garbage-first heap   total 66560K, used 27980K [0x0000000084200000, 0x0000000100000000)
  region size 1024K, 12 young (12288K), 2 survivors (2048K)
 Metaspace       used 34896K, committed 35520K, reserved 1114112K
  class space    used 4799K, committed 5120K, reserved 1048576K
}
Event: 5.138 GC heap after
{Heap after GC invocations=9 (full 0):
 garbage-first heap   total 66560K, used 20175K [0x0000000084200000, 0x0000000100000000)
  region size 1024K, 3 young (3072K), 3 survivors (3072K)
 Metaspace       used 34896K, committed 35520K, reserved 1114112K
  class space    used 4799K, committed 5120K, reserved 1048576K
}
Event: 6.010 GC heap before
{Heap before GC invocations=10 (full 0):
 garbage-first heap   total 66560K, used 54991K [0x0000000084200000, 0x0000000100000000)
  region size 1024K, 38 young (38912K), 3 survivors (3072K)
 Metaspace       used 47141K, committed 47680K, reserved 1114112K
  class space    used 6430K, committed 6656K, reserved 1048576K
}
Event: 6.020 GC heap after
{Heap after GC invocations=11 (full 0):
 garbage-first heap   total 66560K, used 23140K [0x0000000084200000, 0x0000000100000000)
  region size 1024K, 5 young (5120K), 5 survivors (5120K)
 Metaspace       used 47141K, committed 47680K, reserved 1114112K
  class space    used 6430K, committed 6656K, reserved 1048576K
}
Event: 6.713 GC heap before
{Heap before GC invocations=11 (full 0):
 garbage-first heap   total 66560K, used 55908K [0x0000000084200000, 0x0000000100000000)
  region size 1024K, 38 young (38912K), 5 survivors (5120K)
 Metaspace       used 55646K, committed 56256K, reserved 1114112K
  class space    used 7729K, committed 8000K, reserved 1048576K
}
Event: 6.726 GC heap after
{Heap after GC invocations=12 (full 0):
 garbage-first heap   total 66560K, used 24966K [0x0000000084200000, 0x0000000100000000)
  region size 1024K, 3 young (3072K), 3 survivors (3072K)
 Metaspace       used 55646K, committed 56256K, reserved 1114112K
  class space    used 7729K, committed 8000K, reserved 1048576K
}
Event: 7.025 GC heap before
{Heap before GC invocations=12 (full 0):
 garbage-first heap   total 66560K, used 41350K [0x0000000084200000, 0x0000000100000000)
  region size 1024K, 20 young (20480K), 3 survivors (3072K)
 Metaspace       used 59166K, committed 59776K, reserved 1114112K
  class space    used 8274K, committed 8512K, reserved 1048576K
}
Event: 7.030 GC heap after
{Heap after GC invocations=13 (full 0):
 garbage-first heap   total 66560K, used 25455K [0x0000000084200000, 0x0000000100000000)
  region size 1024K, 3 young (3072K), 3 survivors (3072K)
 Metaspace       used 59166K, committed 59776K, reserved 1114112K
  class space    used 8274K, committed 8512K, reserved 1048576K
}
Event: 7.724 GC heap before
{Heap before GC invocations=14 (full 0):
 garbage-first heap   total 66560K, used 58223K [0x0000000084200000, 0x0000000100000000)
  region size 1024K, 35 young (35840K), 3 survivors (3072K)
 Metaspace       used 63643K, committed 64384K, reserved 1114112K
  class space    used 8911K, committed 9280K, reserved 1048576K
}
Event: 7.736 GC heap after
{Heap after GC invocations=15 (full 0):
 garbage-first heap   total 66560K, used 28447K [0x0000000084200000, 0x0000000100000000)
  region size 1024K, 5 young (5120K), 5 survivors (5120K)
 Metaspace       used 63643K, committed 64384K, reserved 1114112K
  class space    used 8911K, committed 9280K, reserved 1048576K
}
Event: 8.221 GC heap before
{Heap before GC invocations=15 (full 0):
 garbage-first heap   total 66560K, used 57119K [0x0000000084200000, 0x0000000100000000)
  region size 1024K, 33 young (33792K), 5 survivors (5120K)
 Metaspace       used 67015K, committed 67776K, reserved 1114112K
  class space    used 9403K, committed 9728K, reserved 1048576K
}

Dll operation events (14 events):
Event: 0.026 Loaded shared library C:\Users\91701\.jdks\openjdk-20.0.1\bin\java.dll
Event: 0.038 Loaded shared library C:\Users\91701\.jdks\openjdk-20.0.1\bin\jsvml.dll
Event: 0.229 Loaded shared library C:\Users\91701\.jdks\openjdk-20.0.1\bin\zip.dll
Event: 0.239 Loaded shared library C:\Users\91701\.jdks\openjdk-20.0.1\bin\instrument.dll
Event: 0.251 Loaded shared library C:\Users\91701\.jdks\openjdk-20.0.1\bin\net.dll
Event: 0.254 Loaded shared library C:\Users\91701\.jdks\openjdk-20.0.1\bin\nio.dll
Event: 0.257 Loaded shared library C:\Users\91701\.jdks\openjdk-20.0.1\bin\zip.dll
Event: 0.352 Loaded shared library C:\Program Files\JetBrains\IntelliJ IDEA 2024.1.4\bin\breakgen64.dll
Event: 0.362 Loaded shared library C:\Users\91701\.jdks\openjdk-20.0.1\bin\jimage.dll
Event: 0.365 Loaded shared library C:\Users\91701\.jdks\openjdk-20.0.1\bin\extnet.dll
Event: 0.401 Loaded shared library C:\Users\91701\.jdks\openjdk-20.0.1\bin\management.dll
Event: 0.428 Loaded shared library C:\Users\91701\.jdks\openjdk-20.0.1\bin\management_ext.dll
Event: 2.814 Loaded shared library C:\Users\91701\.jdks\openjdk-20.0.1\bin\sunmscapi.dll
Event: 5.068 Loaded shared library C:\Users\91701\.jdks\openjdk-20.0.1\bin\verify.dll

Deoptimization events (16 events):
Event: 0.859 Thread 0x00000193a9bddf40 DEOPT PACKING pc=0x00000193b37690dd sp=0x00000081211fd310
Event: 0.859 Thread 0x00000193a9bddf40 DEOPT UNPACKING pc=0x00000193b34ee462 sp=0x00000081211fc7c0 mode 3
Event: 0.866 Thread 0x00000193a9bddf40 DEOPT PACKING pc=0x00000193b3778360 sp=0x00000081211fd300
Event: 0.866 Thread 0x00000193a9bddf40 DEOPT UNPACKING pc=0x00000193b34ee462 sp=0x00000081211fc7c0 mode 3
Event: 2.466 Thread 0x00000193c063a6f0 DEOPT PACKING pc=0x00000193b3a3b0f9 sp=0x0000008122afcf80
Event: 2.466 Thread 0x00000193c063a6f0 DEOPT UNPACKING pc=0x00000193b34ee462 sp=0x0000008122afc460 mode 3
Event: 4.129 Thread 0x00000193c063a6f0 DEOPT PACKING pc=0x00000193b3c05174 sp=0x0000008122afcd60
Event: 4.129 Thread 0x00000193c063a6f0 DEOPT UNPACKING pc=0x00000193b34ee462 sp=0x0000008122afc218 mode 0
Event: 4.625 Thread 0x00000193c063a6f0 DEOPT PACKING pc=0x00000193b3d17ded sp=0x0000008122afc330
Event: 4.625 Thread 0x00000193c063a6f0 DEOPT UNPACKING pc=0x00000193b34ee462 sp=0x0000008122afb898 mode 3
Event: 7.355 Thread 0x00000193c063a6f0 DEOPT PACKING pc=0x00000193b3a80314 sp=0x0000008122afc080
Event: 7.355 Thread 0x00000193c063a6f0 DEOPT UNPACKING pc=0x00000193b34ee462 sp=0x0000008122afb5d8 mode 0
Event: 7.555 Thread 0x00000193c063a6f0 DEOPT PACKING pc=0x00000193b3a600c1 sp=0x0000008122afc330
Event: 7.555 Thread 0x00000193c063a6f0 DEOPT UNPACKING pc=0x00000193b34ee462 sp=0x0000008122afb838 mode 3
Event: 7.874 Thread 0x00000193c063a6f0 DEOPT PACKING pc=0x00000193b3a5056a sp=0x0000008122afabd0
Event: 7.874 Thread 0x00000193c063a6f0 DEOPT UNPACKING pc=0x00000193b34ee462 sp=0x0000008122afa118 mode 3

Classes loaded (20 events):
Event: 8.003 Loading class javax/management/PersistentMBean done
Event: 8.003 Loading class javax/management/modelmbean/ModelMBean done
Event: 8.005 Loading class javax/management/modelmbean/ModelMBeanInfo
Event: 8.007 Loading class javax/management/modelmbean/ModelMBeanInfo done
Event: 8.009 Loading class javax/management/Attribute
Event: 8.009 Loading class javax/management/Attribute done
Event: 8.200 Loading class java/util/Base64
Event: 8.201 Loading class java/util/Base64 done
Event: 8.201 Loading class java/util/Base64$Encoder
Event: 8.202 Loading class java/util/Base64$Encoder done
Event: 8.203 Loading class java/nio/StringCharBuffer
Event: 8.203 Loading class java/nio/StringCharBuffer done
Event: 8.204 Loading class javax/crypto/SecretKeyFactory
Event: 8.205 Loading class javax/crypto/SecretKeyFactory done
Event: 8.205 Loading class com/sun/crypto/provider/PBKDF2Core$HmacSHA256
Event: 8.206 Loading class com/sun/crypto/provider/PBKDF2Core
Event: 8.206 Loading class javax/crypto/SecretKeyFactorySpi
Event: 8.206 Loading class javax/crypto/SecretKeyFactorySpi done
Event: 8.206 Loading class com/sun/crypto/provider/PBKDF2Core done
Event: 8.206 Loading class com/sun/crypto/provider/PBKDF2Core$HmacSHA256 done

Classes unloaded (0 events):
No events

Classes redefined (0 events):
No events

Internal exceptions (20 events):
Event: 6.887 Thread 0x00000193c063a6f0 Exception <a 'java/lang/NoSuchMethodError'{0x0000000087992cc0}: 'java.lang.Object java.lang.invoke.Invokers$Holder.linkToTargetMethod(java.lang.Object, java.lang.Object, java.lang.Object, java.lang.Object, java.lang.Object, java.lang.Object, java.lang.Object, java.lang.Object, java.lang.Object, java.lang.Object, java.lang.Object, java.lang.Object)'> (0x0000000087992cc0) 
thrown [s\open\src\hotspot\share\interpreter\linkResolver.cpp, line 773]
Event: 6.924 Thread 0x00000193c063a6f0 Exception <a 'java/lang/NoSuchMethodError'{0x0000000087782298}: 'java.lang.Object java.lang.invoke.DirectMethodHandle$Holder.newInvokeSpecial(java.lang.Object, java.lang.Object, int, java.lang.Object, int, java.lang.Object, java.lang.Object)'> (0x0000000087782298) 
thrown [s\open\src\hotspot\share\interpreter\linkResolver.cpp, line 773]
Event: 6.930 Thread 0x00000193c063a6f0 Exception <a 'java/lang/NoSuchMethodError'{0x00000000877d31c0}: 'java.lang.Object java.lang.invoke.DirectMethodHandle$Holder.newInvokeSpecial(java.lang.Object, java.lang.Object, java.lang.Object, java.lang.Object, java.lang.Object, java.lang.Object, java.lang.Object, int)'> (0x00000000877d31c0) 
thrown [s\open\src\hotspot\share\interpreter\linkResolver.cpp, line 773]
Event: 6.931 Thread 0x00000193c063a6f0 Exception <a 'java/lang/NoSuchMethodError'{0x00000000877d7720}: 'java.lang.Object java.lang.invoke.DirectMethodHandle$Holder.invokeSpecial(java.lang.Object, java.lang.Object, java.lang.Object, java.lang.Object, java.lang.Object, java.lang.Object, java.lang.Object, java.lang.Object, int)'> (0x00000000877d7720) 
thrown [s\open\src\hotspot\share\interpreter\linkResolver.cpp, line 773]
Event: 6.931 Thread 0x00000193c063a6f0 Exception <a 'java/lang/NoSuchMethodError'{0x00000000877db738}: 'java.lang.Object java.lang.invoke.Invokers$Holder.linkToTargetMethod(java.lang.Object, java.lang.Object, java.lang.Object, java.lang.Object, java.lang.Object, java.lang.Object, int, java.lang.Object)'> (0x00000000877db738) 
thrown [s\open\src\hotspot\share\interpreter\linkResolver.cpp, line 773]
Event: 7.125 Thread 0x00000193c063a6f0 Exception <a 'java/lang/NoSuchMethodError'{0x0000000088d7cca8}: 'java.lang.Object java.lang.invoke.DirectMethodHandle$Holder.invokeSpecial(java.lang.Object, java.lang.Object, int, java.lang.Object, int)'> (0x0000000088d7cca8) 
thrown [s\open\src\hotspot\share\interpreter\linkResolver.cpp, line 773]
Event: 7.183 Thread 0x00000193c063a6f0 Exception <a 'java/lang/NoSuchMethodError'{0x0000000088cac3f0}: 'void java.lang.invoke.Invokers$Holder.invokeExact_MT(java.lang.Object, java.lang.Object, java.lang.Object, java.lang.Object)'> (0x0000000088cac3f0) 
thrown [s\open\src\hotspot\share\interpreter\linkResolver.cpp, line 773]
Event: 7.247 Thread 0x00000193c063a6f0 Exception <a 'java/lang/IncompatibleClassChangeError'{0x00000000888ac660}: Found class java.lang.Object, but interface was expected> (0x00000000888ac660) 
thrown [s\open\src\hotspot\share\interpreter\linkResolver.cpp, line 840]
Event: 7.254 Thread 0x00000193c063a6f0 Exception <a 'java/lang/IncompatibleClassChangeError'{0x0000000088728170}: Found class java.lang.Object, but interface was expected> (0x0000000088728170) 
thrown [s\open\src\hotspot\share\interpreter\linkResolver.cpp, line 840]
Event: 7.281 Thread 0x00000193c063a6f0 Exception <a 'java/lang/IncompatibleClassChangeError'{0x0000000088696b30}: Found class java.lang.Object, but interface was expected> (0x0000000088696b30) 
thrown [s\open\src\hotspot\share\interpreter\linkResolver.cpp, line 840]
Event: 7.415 Thread 0x00000193c063a6f0 Exception <a 'java/lang/IncompatibleClassChangeError'{0x00000000873f6188}: Found class java.lang.Object, but interface was expected> (0x00000000873f6188) 
thrown [s\open\src\hotspot\share\interpreter\linkResolver.cpp, line 840]
Event: 7.504 Thread 0x00000193c063a6f0 Exception <a 'java/lang/IncompatibleClassChangeError'{0x0000000086c09078}: Found class java.lang.Object, but interface was expected> (0x0000000086c09078) 
thrown [s\open\src\hotspot\share\interpreter\linkResolver.cpp, line 840]
Event: 7.548 Thread 0x00000193c063a6f0 Exception <a 'java/lang/NoSuchMethodError'{0x0000000086bdb868}: 'java.lang.Object java.lang.invoke.DirectMethodHandle$Holder.invokeStatic(java.lang.Object, int, java.lang.Object)'> (0x0000000086bdb868) 
thrown [s\open\src\hotspot\share\interpreter\linkResolver.cpp, line 773]
Event: 7.675 Thread 0x00000193c063a6f0 Exception <a 'java/lang/NoSuchMethodError'{0x00000000862929a0}: 'java.lang.Object java.lang.invoke.DirectMethodHandle$Holder.newInvokeSpecial(java.lang.Object, java.lang.Object, java.lang.Object, java.lang.Object, java.lang.Object, java.lang.Object, java.lang.Object, java.lang.Object)'> (0x00000000862929a0) 
thrown [s\open\src\hotspot\share\interpreter\linkResolver.cpp, line 773]
Event: 7.889 Thread 0x00000193c063a6f0 Exception <a 'java/lang/IncompatibleClassChangeError'{0x00000000886d8940}: Found class java.lang.Object, but interface was expected> (0x00000000886d8940) 
thrown [s\open\src\hotspot\share\interpreter\linkResolver.cpp, line 840]
Event: 7.934 Thread 0x00000193c063a6f0 Exception <a 'java/lang/NoSuchMethodError'{0x00000000878c2010}: 'void java.lang.invoke.DirectMethodHandle$Holder.invokeVirtual(java.lang.Object, java.lang.Object, long)'> (0x00000000878c2010) 
thrown [s\open\src\hotspot\share\interpreter\linkResolver.cpp, line 773]
Event: 7.986 Thread 0x00000193c063a6f0 Exception <a 'java/lang/NoSuchMethodError'{0x000000008742f898}: 'int java.lang.invoke.DirectMethodHandle$Holder.invokeStaticInit(java.lang.Object, java.lang.Object, java.lang.Object, java.lang.Object)'> (0x000000008742f898) 
thrown [s\open\src\hotspot\share\interpreter\linkResolver.cpp, line 773]
Event: 8.029 Thread 0x00000193c063a6f0 Exception <a 'java/lang/IncompatibleClassChangeError'{0x0000000087235180}: Found class java.lang.Object, but interface was expected> (0x0000000087235180) 
thrown [s\open\src\hotspot\share\interpreter\linkResolver.cpp, line 840]
Event: 8.094 Thread 0x00000193c063a6f0 Exception <a 'java/lang/IncompatibleClassChangeError'{0x0000000086d37ab0}: Found class java.lang.Object, but interface was expected> (0x0000000086d37ab0) 
thrown [s\open\src\hotspot\share\interpreter\linkResolver.cpp, line 840]
Event: 8.100 Thread 0x00000193c063a6f0 Exception <a 'java/lang/NoSuchMethodError'{0x0000000086db82a8}: 'java.lang.Object java.lang.invoke.DirectMethodHandle$Holder.invokeVirtual(java.lang.Object, java.lang.Object, java.lang.Object, java.lang.Object, java.lang.Object, java.lang.Object, java.lang.Object)'> (0x0000000086db82a8) 
thrown [s\open\src\hotspot\share\interpreter\linkResolver.cpp, line 773]

VM Operations (20 events):
Event: 7.094 Executing VM operation: G1PauseCleanup done
Event: 7.355 Executing VM operation: HandshakeAllThreads
Event: 7.355 Executing VM operation: HandshakeAllThreads done
Event: 7.442 Executing VM operation: HandshakeAllThreads
Event: 7.442 Executing VM operation: HandshakeAllThreads done
Event: 7.443 Executing VM operation: HandshakeAllThreads
Event: 7.443 Executing VM operation: HandshakeAllThreads done
Event: 7.724 Executing VM operation: G1CollectForAllocation
Event: 7.736 Executing VM operation: G1CollectForAllocation done
Event: 7.766 Executing VM operation: HandshakeAllThreads
Event: 7.766 Executing VM operation: HandshakeAllThreads done
Event: 7.795 Executing VM operation: HandshakeAllThreads
Event: 7.795 Executing VM operation: HandshakeAllThreads done
Event: 7.795 Executing VM operation: HandshakeAllThreads
Event: 7.795 Executing VM operation: HandshakeAllThreads done
Event: 7.954 Executing VM operation: HandshakeAllThreads
Event: 7.954 Executing VM operation: HandshakeAllThreads done
Event: 8.204 Executing VM operation: HandshakeAllThreads
Event: 8.204 Executing VM operation: HandshakeAllThreads done
Event: 8.221 Executing VM operation: G1CollectForAllocation

Events (20 events):
Event: 7.079 Thread 0x00000193bb9ce5b0 flushing nmethod 0x00000193b3bb8510
Event: 7.079 Thread 0x00000193bb9ce5b0 flushing nmethod 0x00000193b3b8e610
Event: 7.079 Thread 0x00000193bb9ce5b0 flushing nmethod 0x00000193b3b95490
Event: 7.079 Thread 0x00000193bb9ce5b0 flushing nmethod 0x00000193b3b8d890
Event: 7.079 Thread 0x00000193bb9ce5b0 flushing nmethod 0x00000193b3b84290
Event: 7.079 Thread 0x00000193bb9ce5b0 flushing nmethod 0x00000193b3b0cb90
Event: 7.079 Thread 0x00000193bb9ce5b0 flushing nmethod 0x00000193b3affa10
Event: 7.079 Thread 0x00000193bb9ce5b0 flushing nmethod 0x00000193b3af4f10
Event: 7.079 Thread 0x00000193bb9ce5b0 flushing nmethod 0x00000193b3abb810
Event: 7.079 Thread 0x00000193bb9ce5b0 flushing nmethod 0x00000193b39ecd10
Event: 7.079 Thread 0x00000193bb9ce5b0 flushing nmethod 0x00000193b395bc90
Event: 7.079 Thread 0x00000193bb9ce5b0 flushing nmethod 0x00000193b395b490
Event: 7.079 Thread 0x00000193bb9ce5b0 flushing nmethod 0x00000193b390da10
Event: 7.079 Thread 0x00000193bb9ce5b0 flushing nmethod 0x00000193b38b6290
Event: 7.079 Thread 0x00000193bb9ce5b0 flushing nmethod 0x00000193b3809290
Event: 7.079 Thread 0x00000193bb9ce5b0 flushing nmethod 0x00000193b35b7190
Event: 7.484 Thread 0x00000193c11c75c0 Thread added: 0x00000193c11c75c0
Event: 7.489 Thread 0x00000193c11c75c0 Thread exited: 0x00000193c11c75c0
Event: 7.991 Thread 0x00000193c11c85b0 Thread added: 0x00000193c11c85b0
Event: 7.995 Thread 0x00000193c11c85b0 Thread exited: 0x00000193c11c85b0


Dynamic libraries:
0x00007ff7768b0000 - 0x00007ff7768be000 	C:\Users\91701\.jdks\openjdk-20.0.1\bin\java.exe
0x00007ffb840b0000 - 0x00007ffb842c7000 	C:\WINDOWS\SYSTEM32\ntdll.dll
0x00007ffb82640000 - 0x00007ffb82704000 	C:\WINDOWS\System32\KERNEL32.DLL
0x00007ffb81800000 - 0x00007ffb81ba7000 	C:\WINDOWS\System32\KERNELBASE.dll
0x00007ffb813d0000 - 0x00007ffb814e1000 	C:\WINDOWS\System32\ucrtbase.dll
0x00007ffb7e230000 - 0x00007ffb7e247000 	C:\Users\91701\.jdks\openjdk-20.0.1\bin\jli.dll
0x00007ffb83ca0000 - 0x00007ffb83e4e000 	C:\WINDOWS\System32\USER32.dll
0x00007ffb814f0000 - 0x00007ffb81516000 	C:\WINDOWS\System32\win32u.dll
0x00007ffb84040000 - 0x00007ffb84069000 	C:\WINDOWS\System32\GDI32.dll
0x00007ffb81c20000 - 0x00007ffb81d39000 	C:\WINDOWS\System32\gdi32full.dll
0x00007ffb81d40000 - 0x00007ffb81dda000 	C:\WINDOWS\System32\msvcp_win.dll
0x00007ffb6b6d0000 - 0x00007ffb6b963000 	C:\WINDOWS\WinSxS\amd64_microsoft.windows.common-controls_6595b64144ccf1df_6.0.22621.3527_none_270e469b73872a76\COMCTL32.dll
0x00007ffb83240000 - 0x00007ffb832e7000 	C:\WINDOWS\System32\msvcrt.dll
0x00007ffb7e250000 - 0x00007ffb7e26b000 	C:\Users\91701\.jdks\openjdk-20.0.1\bin\VCRUNTIME140.dll
0x00007ffb83410000 - 0x00007ffb83441000 	C:\WINDOWS\System32\IMM32.DLL
0x00007ffb7e220000 - 0x00007ffb7e22c000 	C:\Users\91701\.jdks\openjdk-20.0.1\bin\vcruntime140_1.dll
0x00007ffb7be90000 - 0x00007ffb7bf1e000 	C:\Users\91701\.jdks\openjdk-20.0.1\bin\msvcp140.dll
0x00007ffb32390000 - 0x00007ffb33027000 	C:\Users\91701\.jdks\openjdk-20.0.1\bin\server\jvm.dll
0x00007ffb83690000 - 0x00007ffb83742000 	C:\WINDOWS\System32\ADVAPI32.dll
0x00007ffb83f00000 - 0x00007ffb83fa8000 	C:\WINDOWS\System32\sechost.dll
0x00007ffb81660000 - 0x00007ffb81688000 	C:\WINDOWS\System32\bcrypt.dll
0x00007ffb82870000 - 0x00007ffb82985000 	C:\WINDOWS\System32\RPCRT4.dll
0x00007ffb7dc80000 - 0x00007ffb7dc89000 	C:\WINDOWS\SYSTEM32\WSOCK32.dll
0x00007ffb82d20000 - 0x00007ffb82d91000 	C:\WINDOWS\System32\WS2_32.dll
0x00007ffb77c50000 - 0x00007ffb77c84000 	C:\WINDOWS\SYSTEM32\WINMM.dll
0x00007ffb725a0000 - 0x00007ffb725aa000 	C:\WINDOWS\SYSTEM32\VERSION.dll
0x00007ffb803c0000 - 0x00007ffb803d8000 	C:\WINDOWS\SYSTEM32\kernel.appcore.dll
0x00007ffb7e210000 - 0x00007ffb7e21a000 	C:\Users\91701\.jdks\openjdk-20.0.1\bin\jimage.dll
0x00007ffb7e770000 - 0x00007ffb7e9a2000 	C:\WINDOWS\SYSTEM32\DBGHELP.DLL
0x00007ffb82990000 - 0x00007ffb82d18000 	C:\WINDOWS\System32\combase.dll
0x00007ffb834b0000 - 0x00007ffb83587000 	C:\WINDOWS\System32\OLEAUT32.dll
0x00007ffb718a0000 - 0x00007ffb718d2000 	C:\WINDOWS\SYSTEM32\dbgcore.DLL
0x00007ffb815e0000 - 0x00007ffb81659000 	C:\WINDOWS\System32\bcryptPrimitives.dll
0x00007ffb7bcd0000 - 0x00007ffb7bcde000 	C:\Users\91701\.jdks\openjdk-20.0.1\bin\instrument.dll
0x00007ffb7e1e0000 - 0x00007ffb7e206000 	C:\Users\91701\.jdks\openjdk-20.0.1\bin\java.dll
0x00007ffb7bdb0000 - 0x00007ffb7be87000 	C:\Users\91701\.jdks\openjdk-20.0.1\bin\jsvml.dll
0x00007ffb81de0000 - 0x00007ffb8263c000 	C:\WINDOWS\System32\SHELL32.dll
0x00007ffb7f2c0000 - 0x00007ffb7fbb6000 	C:\WINDOWS\SYSTEM32\windows.storage.dll
0x00007ffb7f180000 - 0x00007ffb7f2be000 	C:\WINDOWS\SYSTEM32\wintypes.dll
0x00007ffb832f0000 - 0x00007ffb833e5000 	C:\WINDOWS\System32\SHCORE.dll
0x00007ffb83450000 - 0x00007ffb834ae000 	C:\WINDOWS\System32\shlwapi.dll
0x00007ffb81300000 - 0x00007ffb81321000 	C:\WINDOWS\SYSTEM32\profapi.dll
0x00007ffb7bd50000 - 0x00007ffb7bd68000 	C:\Users\91701\.jdks\openjdk-20.0.1\bin\zip.dll
0x00007ffb7bd90000 - 0x00007ffb7bda3000 	C:\Users\91701\.jdks\openjdk-20.0.1\bin\net.dll
0x00007ffb79f10000 - 0x00007ffb7a046000 	C:\WINDOWS\SYSTEM32\WINHTTP.dll
0x00007ffb80840000 - 0x00007ffb808a9000 	C:\WINDOWS\system32\mswsock.dll
0x00007ffb7bd70000 - 0x00007ffb7bd86000 	C:\Users\91701\.jdks\openjdk-20.0.1\bin\nio.dll
0x00007ffb7bcb0000 - 0x00007ffb7bcca000 	C:\Program Files\JetBrains\IntelliJ IDEA 2024.1.4\bin\breakgen64.dll
0x00007ffb7bd40000 - 0x00007ffb7bd47000 	C:\Users\91701\.jdks\openjdk-20.0.1\bin\extnet.dll
0x00007ffb7fe90000 - 0x00007ffb7ff88000 	C:\WINDOWS\SYSTEM32\DNSAPI.dll
0x00007ffb7fe20000 - 0x00007ffb7fe4d000 	C:\WINDOWS\SYSTEM32\IPHLPAPI.DLL
0x00007ffb83750000 - 0x00007ffb83759000 	C:\WINDOWS\System32\NSI.dll
0x00007ffb72590000 - 0x00007ffb7259a000 	C:\Windows\System32\rasadhlp.dll
0x00007ffb773f0000 - 0x00007ffb77473000 	C:\WINDOWS\System32\fwpuclnt.dll
0x00007ffb710b0000 - 0x00007ffb710ba000 	C:\Users\91701\.jdks\openjdk-20.0.1\bin\management.dll
0x00007ffb710a0000 - 0x00007ffb710ab000 	C:\Users\91701\.jdks\openjdk-20.0.1\bin\management_ext.dll
0x00007ffb83fb0000 - 0x00007ffb83fb8000 	C:\WINDOWS\System32\PSAPI.DLL
0x00007ffb80aa0000 - 0x00007ffb80abb000 	C:\WINDOWS\SYSTEM32\CRYPTSP.dll
0x00007ffb80320000 - 0x00007ffb80355000 	C:\WINDOWS\system32\rsaenh.dll
0x00007ffb80940000 - 0x00007ffb80968000 	C:\WINDOWS\SYSTEM32\USERENV.dll
0x00007ffb80ac0000 - 0x00007ffb80acc000 	C:\WINDOWS\SYSTEM32\CRYPTBASE.dll
0x00007ffb79e70000 - 0x00007ffb79e89000 	C:\WINDOWS\SYSTEM32\dhcpcsvc6.DLL
0x00007ffb79e50000 - 0x00007ffb79e6f000 	C:\WINDOWS\SYSTEM32\dhcpcsvc.DLL
0x00007ffb62770000 - 0x00007ffb62787000 	C:\WINDOWS\system32\napinsp.dll
0x00007ffb62750000 - 0x00007ffb6276b000 	C:\WINDOWS\system32\pnrpnsp.dll
0x00007ffb62700000 - 0x00007ffb62711000 	C:\WINDOWS\System32\winrnr.dll
0x00007ffb5f950000 - 0x00007ffb5f965000 	C:\WINDOWS\system32\wshbth.dll
0x00007ffb5f920000 - 0x00007ffb5f947000 	C:\WINDOWS\system32\nlansp_c.dll
0x00007ffb7bd00000 - 0x00007ffb7bd0e000 	C:\Users\91701\.jdks\openjdk-20.0.1\bin\sunmscapi.dll
0x00007ffb81690000 - 0x00007ffb817f8000 	C:\WINDOWS\System32\CRYPT32.dll
0x00007ffb80c80000 - 0x00007ffb80cae000 	C:\WINDOWS\SYSTEM32\ncrypt.dll
0x00007ffb80c40000 - 0x00007ffb80c77000 	C:\WINDOWS\SYSTEM32\NTASN1.dll
0x00007ffb7bd10000 - 0x00007ffb7bd20000 	C:\Users\91701\.jdks\openjdk-20.0.1\bin\verify.dll

dbghelp: loaded successfully - version: 4.0.5 - missing functions: none
symbol engine: initialized successfully - sym options: 0x614 - pdb path: .;C:\Users\91701\.jdks\openjdk-20.0.1\bin;C:\WINDOWS\SYSTEM32;C:\WINDOWS\WinSxS\amd64_microsoft.windows.common-controls_6595b64144ccf1df_6.0.22621.3527_none_270e469b73872a76;C:\Users\91701\.jdks\openjdk-20.0.1\bin\server;C:\Program Files\JetBrains\IntelliJ IDEA 2024.1.4\bin

VM Arguments:
jvm_args: -XX:TieredStopAtLevel=1 -Dspring.output.ansi.enabled=always -Dcom.sun.management.jmxremote -Dspring.jmx.enabled=true -Dspring.liveBeansView.mbeanDomain -Dspring.application.admin.enabled=true -Dmanagement.endpoints.jmx.exposure.include=* -javaagent:C:\Program Files\JetBrains\IntelliJ IDEA 2024.1.4\lib\idea_rt.jar=65245:C:\Program Files\JetBrains\IntelliJ IDEA 2024.1.4\bin -Dfile.encoding=UTF-8 -Dsun.stdout.encoding=UTF-8 -Dsun.stderr.encoding=UTF-8 
java_command: com.divyan.ecommerce.ecommerce_backend.EcommerceBackendApplication
java_class_path (initial): D:\ecommerce-backend\target\classes;C:\Users\91701\.m2\repository\org\springframework\boot\spring-boot-starter-security\3.3.3\spring-boot-starter-security-3.3.3.jar;C:\Users\91701\.m2\repository\org\springframework\boot\spring-boot-starter\3.3.3\spring-boot-starter-3.3.3.jar;C:\Users\91701\.m2\repository\org\springframework\boot\spring-boot-starter-logging\3.3.3\spring-boot-starter-logging-3.3.3.jar;C:\Users\91701\.m2\repository\ch\qos\logback\logback-classic\1.5.7\logback-classic-1.5.7.jar;C:\Users\91701\.m2\repository\ch\qos\logback\logback-core\1.5.7\logback-core-1.5.7.jar;C:\Users\91701\.m2\repository\org\apache\logging\log4j\log4j-to-slf4j\2.23.1\log4j-to-slf4j-2.23.1.jar;C:\Users\91701\.m2\repository\org\apache\logging\log4j\log4j-api\2.23.1\log4j-api-2.23.1.jar;C:\Users\91701\.m2\repository\org\slf4j\jul-to-slf4j\2.0.16\jul-to-slf4j-2.0.16.jar;C:\Users\91701\.m2\repository\jakarta\annotation\jakarta.annotation-api\2.1.1\jakarta.annotation-api-2.1.1.jar;C:\Users\91701\.m2\repository\org\yaml\snakeyaml\2.2\snakeyaml-2.2.jar;C:\Users\91701\.m2\repository\org\springframework\spring-aop\6.1.12\spring-aop-6.1.12.jar;C:\Users\91701\.m2\repository\org\springframework\spring-beans\6.1.12\spring-beans-6.1.12.jar;C:\Users\91701\.m2\repository\org\springframework\security\spring-security-config\6.3.3\spring-security-config-6.3.3.jar;C:\Users\91701\.m2\repository\org\springframework\security\spring-security-core\6.3.3\spring-security-core-6.3.3.jar;C:\Users\91701\.m2\repository\org\springframework\security\spring-security-crypto\6.3.3\spring-security-crypto-6.3.3.jar;C:\Users\91701\.m2\repository\org\springframework\spring-context\6.1.12\spring-context-6.1.12.jar;C:\Users\91701\.m2\repository\org\springframework\security\spring-security-web\6.3.3\spring-security-web-6.3.3.jar;C:\Users\91701\.m2\repository\org\springframework\spring-expression\6.1.12\spring-expression-6.1.12.jar;C:\Users\91701\.m2\repository\org\springframework\boot\spring-boot-starter-data-jdbc\3.3.3\spring-boot-starter-data-jdbc-3.3.3.jar;C:\Users\91701\.m2\repository\org\springframework\boot\spring-boot-starter-jdbc\3.3.3\spring-boot-starter-jdbc-3.3.3.jar;C:\Users\91701\.m2\repository\com\zaxxer\HikariCP\5.1.0\HikariCP-5.1.0.jar;C:\Users\91701\.m2\repository\org\springframework\spring-jdbc\6.1.12\spring-jdbc-6.1.12.jar;C:\Users\91701\.m2\repository\org\springframework\data\spring-data-jdbc\3.3.3\spring-data-jdbc-3.3.3.jar;C:\Users\91701\.m2\repository\org\springframework\data\spring-data-relational\3.3.3\spring-data-relational-3.3.3.jar;C:\Users\91701\.m2\repository\org\springframework\data\spring-data-commons\3.3.3\spring-data-commons-3.3.3.jar;C:\Users\91701\.m2\repository\org\springframework\spring-tx\6.1.12\spring-tx-6.1.12.jar;C:\Users\91701\.m2\repository\org\slf4j\slf4j-api\2.0.16\slf4j-api-2.0.16.jar;C:\Users\91701\.m2\repository\org\springframework\boot\spring-boot-starter-data-jpa\3.3.3\spring-boot-starter-data-jpa-3.3.3.jar;C:\Users\91701\.m2\repository\org\springframework\boot\spring-boot-starter-aop\3.3.3\spring-boot-starter-aop-3.3.3.jar;C:\Users\91701\.m2\repository\org\aspectj\aspectjweaver\1.9.22.1\aspectjweaver-1.9.22.1.jar;C:\Users\91701\.m2\repository\org\hibernate\orm\hibernate-core\6.5.2.Final\hibernate-core-6.5.2.Final.jar;C:\Users\91701\.m2\repository\jakarta\persistence\jakarta.persistence-api\3.1.0\jakarta.persistence-api-3.1.0.jar;C:\Users\91701\.m2\repository\jakarta\transaction\jakarta.transaction-api\2.0.1\jakarta.transaction-api-2.0.1.jar;C:\Users\91701\.m2\repository\org\jboss\logging\jboss-logging\3.5.3.Final\jboss-logging-3.5.3.Final.jar;C:\Users\91701\.m2\repository\org\hibernate\common\hibernate-commons-annotations\6.0.6.Final\hibernate-commons-annotations-6.0.6.Final.jar;C:\Users\91701\.m2\repository\io\smallrye\jandex\3.1.2\jandex-3.1.2.jar;C:\Users\91701\.m2\repository\com\fasterxml\classmate\1.7.0\classmate-1.7.0.jar;C:\Users\91701\.m2\repository\net\bytebuddy\byte-buddy\1.14.19\byte-buddy-1.14.19.jar;C:\Users\91701\.m2\repository\org\glassfish\jaxb\jaxb-runtime\4.0.5\jaxb-runtime-4.0.5.jar;C:\Users\91701\.m2\repository\org\glassfish\jaxb\jaxb-core\4.0.5\jaxb-core-4.0.5.jar;C:\Users\91701\.m2\repository\org\eclipse\angus\angus-activation\2.0.2\angus-activation-2.0.2.jar;C:\Users\91701\.m2\repository\org\glassfish\jaxb\txw2\4.0.5\txw2-4.0.5.jar;C:\Users\91701\.m2\repository\com\sun\istack\istack-commons-runtime\4.1.2\istack-commons-runtime-4.1.2.jar;C:\Users\91701\.m2\repository\jakarta\inject\jakarta.inject-api\2.0.1\jakarta.inject-api-2.0.1.jar;C:\Users\91701\.m2\repository\org\antlr\antlr4-runtime\4.13.0\antlr4-runtime-4.13.0.jar;C:\Users\91701\.m2\repository\org\springframework\data\spring-data-jpa\3.3.3\spring-data-jpa-3.3.3.jar;C:\Users\91701\.m2\repository\org\springframework\spring-orm\6.1.12\spring-orm-6.1.12.jar;C:\Users\91701\.m2\repository\org\springframework\spring-aspects\6.1.12\spring-aspects-6.1.12.jar;C:\Users\91701\.m2\repository\org\springframework\boot\spring-boot-starter-web\3.3.3\spring-boot-starter-web-3.3.3.jar;C:\Users\91701\.m2\repository\org\springframework\boot\spring-boot-starter-json\3.3.3\spring-boot-starter-json-3.3.3.jar;C:\Users\91701\.m2\repository\com\fasterxml\jackson\core\jackson-databind\2.17.2\jackson-databind-2.17.2.jar;C:\Users\91701\.m2\repository\com\fasterxml\jackson\core\jackson-annotations\2.17.2\jackson-annotations-2.17.2.jar;C:\Users\91701\.m2\repository\com\fasterxml\jackson\core\jackson-core\2.17.2\jackson-core-2.17.2.jar;C:\Users\91701\.m2\repository\com\fasterxml\jackson\datatype\jackson-datatype-jdk8\2.17.2\jackson-datatype-jdk8-2.17.2.jar;C:\Users\91701\.m2\repository\com\fasterxml\jackson\datatype\jackson-datatype-jsr310\2.17.2\jackson-datatype-jsr310-2.17.2.jar;C:\Users\91701\.m2\repository\com\fasterxml\jackson\module\jackson-module-parameter-names\2.17.2\jackson-module-parameter-names-2.17.2.jar;C:\Users\91701\.m2\repository\org\springframework\boot\spring-boot-starter-tomcat\3.3.3\spring-boot-starter-tomcat-3.3.3.jar;C:\Users\91701\.m2\repository\org\apache\tomcat\embed\tomcat-embed-core\10.1.28\tomcat-embed-core-10.1.28.jar;C:\Users\91701\.m2\repository\org\apache\tomcat\embed\tomcat-embed-el\10.1.28\tomcat-embed-el-10.1.28.jar;C:\Users\91701\.m2\repository\org\apache\tomcat\embed\tomcat-embed-websocket\10.1.28\tomcat-embed-websocket-10.1.28.jar;C:\Users\91701\.m2\repository\org\springframework\spring-web\6.1.12\spring-web-6.1.12.jar;C:\Users\91701\.m2\repository\io\micrometer\micrometer-observation\1.13.3\micrometer-observation-1.13.3.jar;C:\Users\91701\.m2\repository\io\micrometer\micrometer-commons\1.13.3\micrometer-commons-1.13.3.jar;C:\Users\91701\.m2\repository\org\springframework\spring-webmvc\6.1.12\spring-webmvc-6.1.12.jar;C:\Users\91701\.m2\repository\org\springframework\boot\spring-boot-devtools\3.3.3\spring-boot-devtools-3.3.3.jar;C:\Users\91701\.m2\repository\org\springframework\boot\spring-boot\3.3.3\spring-boot-3.3.3.jar;C:\Users\91701\.m2\repository\org\springframework\boot\spring-boot-autoconfigure\3.3.3\spring-boot-autoconfigure-3.3.3.jar;C:\Users\91701\.m2\repository\com\mysql\mysql-connector-j\8.3.0\mysql-connector-j-8.3.0.jar;C:\Users\91701\.m2\repository\jakarta\xml\bind\jakarta.xml.bind-api\4.0.2\jakarta.xml.bind-api-4.0.2.jar;C:\Users\91701\.m2\repository\jakarta\activation\jakarta.activation-api\2.1.3\jakarta.activation-api-2.1.3.jar;C:\Users\91701\.m2\repository\org\springframework\spring-core\6.1.12\spring-core-6.1.12.jar;C:\Users\91701\.m2\repository\org\springframework\spring-jcl\6.1.12\spring-jcl-6.1.12.jar
Launcher Type: SUN_STANDARD

[Global flags]
     intx CICompilerCount                          = 3                                         {product} {ergonomic}
     uint ConcGCThreads                            = 1                                         {product} {ergonomic}
     uint G1ConcRefinementThreads                  = 4                                         {product} {ergonomic}
   size_t G1HeapRegionSize                         = 1048576                                   {product} {ergonomic}
    uintx GCDrainStackTargetSize                   = 64                                        {product} {ergonomic}
   size_t InitialHeapSize                          = 130023424                                 {product} {ergonomic}
     bool ManagementServer                         = true                                      {product} {command line}
   size_t MarkStackSize                            = 4194304                                   {product} {ergonomic}
   size_t MaxHeapSize                              = 2078277632                                {product} {ergonomic}
   size_t MaxNewSize                               = 1246756864                                {product} {ergonomic}
   size_t MinHeapDeltaBytes                        = 1048576                                   {product} {ergonomic}
   size_t MinHeapSize                              = 8388608                                   {product} {ergonomic}
    uintx NonProfiledCodeHeapSize                  = 0                                      {pd product} {ergonomic}
     bool ProfileInterpreter                       = false                                  {pd product} {command line}
    uintx ProfiledCodeHeapSize                     = 0                                      {pd product} {ergonomic}
   size_t SoftMaxHeapSize                          = 2078277632                             {manageable} {ergonomic}
     intx TieredStopAtLevel                        = 1                                         {product} {command line}
     bool UseCompressedClassPointers               = true                           {product lp64_product} {ergonomic}
     bool UseCompressedOops                        = true                           {product lp64_product} {ergonomic}
     bool UseG1GC                                  = true                                      {product} {ergonomic}
     bool UseLargePagesIndividualAllocation        = false                                  {pd product} {ergonomic}

Logging:
Log output configuration:
 #0: stdout all=warning uptime,level,tags foldmultilines=false
 #1: stderr all=off uptime,level,tags foldmultilines=false

Environment Variables:
JAVA_HOME=C:\Program Files\Java\jdk-23\bin
PATH=C:\Program Files\Common Files\Oracle\Java\javapath;C:\Program Files (x86)\Common Files\Oracle\Java\java8path;C:\Program Files (x86)\Common Files\Oracle\Java\javapath;C:\WINDOWS\system32;C:\WINDOWS;C:\WINDOWS\System32\Wbem;C:\WINDOWS\System32\WindowsPowerShell\v1.0\;C:\WINDOWS\System32\OpenSSH\;C:\Program Files\dotnet\;C:\MinGW\bin;C:\Program Files\Git\cmd;D:\apache-maven-3.9.6-bin\apache-maven-3.9.6\bin;C:\Program Files\nodejs\;C:\Users\91701\AppData\Local\Programs\Python\Python311-32;C:\Users\91701\AppData\Local\Programs\Python\Python311-32\Scripts;C:\Program Files (x86)\Java\jre1.8.0_421\bin;C:\Program Files\MySQL\MySQL Shell 8.0\bin\;C:\Users\91701\AppData\Local\Microsoft\WindowsApps;C:\Program Files\JetBrains\CLion 2022.3.1\bin;;D:\flutter\bin;C:\Users\91701\AppData\Roaming\npm;C:\Users\91701\AppData\Local\Programs\Python\Python311-32;C:\Users\91701\AppData\Local\Programs\Python\Python311-32\Scripts;C:\Program Files\JetBrains\IntelliJ IDEA 2024.1.4\bin;;C:\Users\91701\AppData\Local\Programs\Microsoft VS Code\bin;C:\MinGW\bin;C:\Program Files\Java\jdk-23\bin;
USERNAME=DIVYAN_TM
OS=Windows_NT
PROCESSOR_IDENTIFIER=Intel64 Family 6 Model 140 Stepping 1, GenuineIntel
TMP=C:\Users\91701\AppData\Local\Temp
TEMP=C:\Users\91701\AppData\Local\Temp




---------------  S Y S T E M  ---------------

OS:
 Windows 11 , 64 bit Build 22621 (10.0.22621.3527)
OS uptime: 2 days 6:47 hours
Hyper-V role detected

CPU: total 4 (initial active 4) (2 cores per cpu, 2 threads per core) family 6 model 140 stepping 1 microcode 0xb4, cx8, cmov, fxsr, ht, mmx, 3dnowpref, sse, sse2, sse3, ssse3, sse4.1, sse4.2, popcnt, lzcnt, tsc, tscinvbit, avx, avx2, aes, erms, clmul, bmi1, bmi2, adx, avx512f, avx512dq, avx512cd, avx512bw, avx512vl, sha, fma, vzeroupper, avx512_vpopcntdq, avx512_vpclmulqdq, avx512_vaes, avx512_vnni, clflush, clflushopt, clwb, avx512_vbmi2, avx512_vbmi, hv, rdtscp, rdpid, fsrm, gfni, avx512_bitalg, f16c, cet_ibt, cet_ss, avx512_ifma

Memory: 4k page, system-wide physical 7926M (504M free)
TotalPageFile size 11656M (AvailPageFile size 9M)
current process WorkingSet (physical memory assigned to process): 215M, peak: 215M
current process commit charge ("private bytes"): 248M, peak: 259M

vm_info: OpenJDK 64-Bit Server VM (20.0.1+9-29) for windows-amd64 JRE (20.0.1+9-29), built on 2023-03-07T13:56:11Z by "mach5one" with MS VC++ 17.1 (VS2022)

END.
